<?xml version="1.0" encoding="UTF-8"?>
<icwpxml version="1.3.3">
    <checksum>a90f14ad4f43c2104159b501c99548b7887a8a43b6881483140d40283433e23d</checksum>
    <XmlFile>cwm_MCEOS.xml</XmlFile>
    <XmlVersion>2023-10-05;5.03.00.0.1373</XmlVersion>
    <ActiveElements>
        <DoubleSpinBox>
            <define>FWscale_S_DIRECT</define>
            <value>1</value>
            <dispValue>1.0000000000000000000</dispValue>
        </DoubleSpinBox>
        <DoubleSpinBox>
            <define>FWscale_S_BITFIELD</define>
            <value>1</value>
            <dispValue>1.0000000000000000000</dispValue>
        </DoubleSpinBox>
        <DoubleSpinBox>
            <define>FWscale_S_SYS_PCLK1_s</define>
            <value>1.041666664040000024155460016731e-08</value>
            <dispValue>0.0000000104166666404</dispValue>
        </DoubleSpinBox>
        <DoubleSpinBox>
            <define>FWscale_S_SYS_PCLK2_s</define>
            <value>2.0833333280700000964496439712949e-08</value>
            <dispValue>0.0000000208333332807</dispValue>
        </DoubleSpinBox>
        <DoubleSpinBox>
            <define>FWscale_S_SYS_SCLK1_s</define>
            <value>0.00099999993108212947845458984375</value>
            <dispValue>0.0009999999310821295</dispValue>
        </DoubleSpinBox>
        <DoubleSpinBox>
            <define>FWscale_S_SYS_SCLK10_s</define>
            <value>0.01000000000931322574615478515625</value>
            <dispValue>0.0100000000093132257</dispValue>
        </DoubleSpinBox>
        <DoubleSpinBox>
            <define>FWscale_S_SYS_PROTECTIONTASK_s</define>
            <value>0.01600000006146728992462158203125</value>
            <dispValue>0.0160000000614672899</dispValue>
        </DoubleSpinBox>
        <DoubleSpinBox>
            <define>FWscale_S_SYS_SCLK100_s</define>
            <value>0.1000000000931322574615478515625</value>
            <dispValue>0.1000000000931322575</dispValue>
        </DoubleSpinBox>
        <DoubleSpinBox>
            <define>FWscale_S_MTR_PWM_Hz</define>
            <value>100</value>
            <dispValue>100.0000000000000000000</dispValue>
        </DoubleSpinBox>
        <DoubleSpinBox>
            <define>FWscale_S_MTR_IDQ_pct</define>
            <value>0.0244140625</value>
            <dispValue>0.0244140625000000000</dispValue>
        </DoubleSpinBox>
        <DoubleSpinBox>
            <define>FWscale_S_MTR_VDQ_pct</define>
            <value>0.02010454353876411914825439453125</value>
            <dispValue>0.0201045435387641191</dispValue>
        </DoubleSpinBox>
        <DoubleSpinBox>
            <define>FWscale_S_MTR_MOD_pct</define>
            <value>0.01220703125</value>
            <dispValue>0.0122070312500000000</dispValue>
        </DoubleSpinBox>
        <DoubleSpinBox>
            <define>FWscale_S_MTR_ISDUTY_pct</define>
            <value>0.01220703125</value>
            <dispValue>0.0122070312500000000</dispValue>
        </DoubleSpinBox>
        <DoubleSpinBox>
            <define>FWscale_S_MTR_FLXAB_pct</define>
            <value>0.08040820318274199962615966796875</value>
            <dispValue>0.0804082031827419996</dispValue>
        </DoubleSpinBox>
        <DoubleSpinBox>
            <define>FWscale_S_MTR_FLXDQ_pct</define>
            <value>0.048828125</value>
            <dispValue>0.0488281250000000000</dispValue>
        </DoubleSpinBox>
        <DoubleSpinBox>
            <define>FWscale_S_MTR_ANG_deg</define>
            <value>0.0054933317005634307861328125</value>
            <dispValue>0.0054933317005634308</dispValue>
        </DoubleSpinBox>
        <DoubleSpinBox>
            <define>FWscale_S_SYS_CPU_pct</define>
            <value>0.1000000000931322574615478515625</value>
            <dispValue>0.1000000000931322575</dispValue>
        </DoubleSpinBox>
        <DoubleSpinBox>
            <define>FWscale_S_CTRLIN_DUTY_pct</define>
            <value>0.1000000000931322574615478515625</value>
            <dispValue>0.1000000000931322575</dispValue>
        </DoubleSpinBox>
        <DoubleSpinBox>
            <define>FWscale_S_CTRLIN_FREQ_Hz</define>
            <value>0.1000000000931322574615478515625</value>
            <dispValue>0.1000000000931322575</dispValue>
        </DoubleSpinBox>
        <DoubleSpinBox>
            <define>FWscale_S_MTR_8Q8</define>
            <value>0.00390625</value>
            <dispValue>0.0039062500000000000</dispValue>
        </DoubleSpinBox>
        <DoubleSpinBox>
            <define>FWscale_S_MTR_4Q12</define>
            <value>0.000244140625</value>
            <dispValue>0.0002441406250000000</dispValue>
        </DoubleSpinBox>
        <DoubleSpinBox>
            <define>FWscale_S_MTR_2Q14</define>
            <value>6.103515625e-05</value>
            <dispValue>0.0000610351562500000</dispValue>
        </DoubleSpinBox>
        <DoubleSpinBox>
            <define>FWscale_S_MTR_0Q16</define>
            <value>1.52587890625e-05</value>
            <dispValue>0.0000152587890625000</dispValue>
        </DoubleSpinBox>
        <DoubleSpinBox>
            <define>FWscale_S_MTR_MOD_THRESHOLD_pct</define>
            <value>0.00610388815402984619140625</value>
            <dispValue>0.0061038881540298462</dispValue>
        </DoubleSpinBox>
        <DoubleSpinBox>
            <define>FWscale_S_PFC_FPWM_Hz</define>
            <value>1000</value>
            <dispValue>1000.0000000000000000000</dispValue>
        </DoubleSpinBox>
        <DoubleSpinBox>
            <define>FWscale_S_PFC_1Q15</define>
            <value>3.0517578125e-05</value>
            <dispValue>0.0000305175781250000</dispValue>
        </DoubleSpinBox>
        <DoubleSpinBox>
            <define>FWscale_S_PFC_0Q23</define>
            <value>1.19209289550799990603958001395e-07</value>
            <dispValue>0.0000001192092895508</dispValue>
        </DoubleSpinBox>
        <DoubleSpinBox>
            <define>FWscale_S_PFC_5Q11</define>
            <value>0.00048828125</value>
            <dispValue>0.0004882812500000000</dispValue>
        </DoubleSpinBox>
        <DoubleSpinBox>
            <define>FWscale_S_PFC_2Q11</define>
            <value>0.00048828125</value>
            <dispValue>0.0004882812500000000</dispValue>
        </DoubleSpinBox>
        <DoubleSpinBox>
            <define>FWscale_S_PFC_0Q27</define>
            <value>7.4505805969000003602747974847977e-09</value>
            <dispValue>0.0000000074505805969</dispValue>
        </DoubleSpinBox>
        <DoubleSpinBox>
            <define>FWscale_S_PFC_2Q14</define>
            <value>6.103515625e-05</value>
            <dispValue>0.0000610351562500000</dispValue>
        </DoubleSpinBox>
        <DoubleSpinBox>
            <define>FWscale_S_PFC_0Q18</define>
            <value>3.814697265625e-06</value>
            <dispValue>0.0000038146972656250</dispValue>
        </DoubleSpinBox>
        <DoubleSpinBox>
            <define>FWscale_S_PFC_0Q6</define>
            <value>0.015625</value>
            <dispValue>0.0156250000000000000</dispValue>
        </DoubleSpinBox>
        <DoubleSpinBox>
            <define>FWscaleconstCounts_S_DIRECT</define>
            <value>1</value>
            <dispValue>1</dispValue>
        </DoubleSpinBox>
        <DoubleSpinBox>
            <define>FWscaleconstCounts_S_BITFIELD</define>
            <value>1</value>
            <dispValue>1</dispValue>
        </DoubleSpinBox>
        <DoubleSpinBox>
            <define>FWscaleconstCounts_S_SYS_PCLK1_s</define>
            <value>2932031</value>
            <dispValue>2932031</dispValue>
        </DoubleSpinBox>
        <DoubleSpinBox>
            <define>FWscaleconstCounts_S_SYS_PCLK2_s</define>
            <value>5864062</value>
            <dispValue>5864062</dispValue>
        </DoubleSpinBox>
        <DoubleSpinBox>
            <define>FWscaleconstCounts_S_SYS_SCLK1_s</define>
            <value>4294967</value>
            <dispValue>4294967</dispValue>
        </DoubleSpinBox>
        <DoubleSpinBox>
            <define>FWscaleconstCounts_S_SYS_SCLK10_s</define>
            <value>42949673</value>
            <dispValue>42949673</dispValue>
        </DoubleSpinBox>
        <DoubleSpinBox>
            <define>FWscaleconstCounts_S_SYS_PROTECTIONTASK_s</define>
            <value>68719477</value>
            <dispValue>68719477</dispValue>
        </DoubleSpinBox>
        <DoubleSpinBox>
            <define>FWscaleconstCounts_S_SYS_SCLK100_s</define>
            <value>429496730</value>
            <dispValue>429496730</dispValue>
        </DoubleSpinBox>
        <DoubleSpinBox>
            <define>FWscaleconstCounts_S_MTR_PWM_Hz</define>
            <value>6553600</value>
            <dispValue>6553600</dispValue>
        </DoubleSpinBox>
        <DoubleSpinBox>
            <define>FWscaleconstCounts_S_MTR_IDQ_pct</define>
            <value>104857600</value>
            <dispValue>104857600</dispValue>
        </DoubleSpinBox>
        <DoubleSpinBox>
            <define>FWscaleconstCounts_S_MTR_VDQ_pct</define>
            <value>86348357</value>
            <dispValue>86348357</dispValue>
        </DoubleSpinBox>
        <DoubleSpinBox>
            <define>FWscaleconstCounts_S_MTR_MOD_pct</define>
            <value>52428800</value>
            <dispValue>52428800</dispValue>
        </DoubleSpinBox>
        <DoubleSpinBox>
            <define>FWscaleconstCounts_S_MTR_ISDUTY_pct</define>
            <value>52428800</value>
            <dispValue>52428800</dispValue>
        </DoubleSpinBox>
        <DoubleSpinBox>
            <define>FWscaleconstCounts_S_MTR_FLXAB_pct</define>
            <value>345350603</value>
            <dispValue>345350603</dispValue>
        </DoubleSpinBox>
        <DoubleSpinBox>
            <define>FWscaleconstCounts_S_MTR_FLXDQ_pct</define>
            <value>209715200</value>
            <dispValue>209715200</dispValue>
        </DoubleSpinBox>
        <DoubleSpinBox>
            <define>FWscaleconstCounts_S_MTR_ANG_deg</define>
            <value>23593680</value>
            <dispValue>23593680</dispValue>
        </DoubleSpinBox>
        <DoubleSpinBox>
            <define>FWscaleconstCounts_S_SYS_CPU_pct</define>
            <value>429496730</value>
            <dispValue>429496730</dispValue>
        </DoubleSpinBox>
        <DoubleSpinBox>
            <define>FWscaleconstCounts_S_CTRLIN_DUTY_pct</define>
            <value>429496730</value>
            <dispValue>429496730</dispValue>
        </DoubleSpinBox>
        <DoubleSpinBox>
            <define>FWscaleconstCounts_S_CTRLIN_FREQ_Hz</define>
            <value>429496730</value>
            <dispValue>429496730</dispValue>
        </DoubleSpinBox>
        <DoubleSpinBox>
            <define>FWscaleconstCounts_S_MTR_8Q8</define>
            <value>16777216</value>
            <dispValue>16777216</dispValue>
        </DoubleSpinBox>
        <DoubleSpinBox>
            <define>FWscaleconstCounts_S_MTR_4Q12</define>
            <value>1048576</value>
            <dispValue>1048576</dispValue>
        </DoubleSpinBox>
        <DoubleSpinBox>
            <define>FWscaleconstCounts_S_MTR_2Q14</define>
            <value>262144</value>
            <dispValue>262144</dispValue>
        </DoubleSpinBox>
        <DoubleSpinBox>
            <define>FWscaleconstCounts_S_MTR_0Q16</define>
            <value>65536</value>
            <dispValue>65536</dispValue>
        </DoubleSpinBox>
        <DoubleSpinBox>
            <define>FWscaleconstCounts_S_MTR_MOD_THRESHOLD_pct</define>
            <value>26216000</value>
            <dispValue>26216000</dispValue>
        </DoubleSpinBox>
        <DoubleSpinBox>
            <define>FWscaleconstCounts_S_PFC_FPWM_Hz</define>
            <value>65536000</value>
            <dispValue>65536000</dispValue>
        </DoubleSpinBox>
        <DoubleSpinBox>
            <define>FWscaleconstCounts_S_PFC_1Q15</define>
            <value>131072</value>
            <dispValue>131072</dispValue>
        </DoubleSpinBox>
        <DoubleSpinBox>
            <define>FWscaleconstCounts_S_PFC_0Q23</define>
            <value>512</value>
            <dispValue>512</dispValue>
        </DoubleSpinBox>
        <DoubleSpinBox>
            <define>FWscaleconstCounts_S_PFC_5Q11</define>
            <value>2097152</value>
            <dispValue>2097152</dispValue>
        </DoubleSpinBox>
        <DoubleSpinBox>
            <define>FWscaleconstCounts_S_PFC_2Q11</define>
            <value>2097152</value>
            <dispValue>2097152</dispValue>
        </DoubleSpinBox>
        <DoubleSpinBox>
            <define>FWscaleconstCounts_S_PFC_0Q27</define>
            <value>2097152</value>
            <dispValue>2097152</dispValue>
        </DoubleSpinBox>
        <DoubleSpinBox>
            <define>FWscaleconstCounts_S_PFC_2Q14</define>
            <value>262144</value>
            <dispValue>262144</dispValue>
        </DoubleSpinBox>
        <DoubleSpinBox>
            <define>FWscaleconstCounts_S_PFC_0Q18</define>
            <value>1073741824</value>
            <dispValue>1073741824</dispValue>
        </DoubleSpinBox>
        <DoubleSpinBox>
            <define>FWscaleconstCounts_S_PFC_0Q6</define>
            <value>67108864</value>
            <dispValue>67108864</dispValue>
        </DoubleSpinBox>
        <DoubleSpinBox>
            <define>FWparam_mceos_compatible_version</define>
            <value>1</value>
            <dispValue>1.0000</dispValue>
        </DoubleSpinBox>
        <DoubleSpinBox>
            <define>FWparam_mceos_featureID_select</define>
            <value>4294967295</value>
            <dispValue>4294967295.0000</dispValue>
        </DoubleSpinBox>
        <DoubleSpinBox>
            <define>FWparam_mceos_SysTaskTime</define>
            <value>1</value>
            <dispValue>1.0000</dispValue>
        </DoubleSpinBox>
        <DoubleSpinBox>
            <define>FWbitfi_mceos_SysTaskConfig_FileHandler_EN</define>
            <value>1</value>
            <dispValue>1</dispValue>
        </DoubleSpinBox>
        <DoubleSpinBox>
            <define>FWbitfi_mceos_SysTaskConfig_DacCalibration_EN</define>
            <value>1</value>
            <dispValue>1</dispValue>
        </DoubleSpinBox>
        <DoubleSpinBox>
            <define>FWbitfi_mceos_SysTaskConfig_TempCompensation_EN</define>
            <value>1</value>
            <dispValue>1</dispValue>
        </DoubleSpinBox>
        <DoubleSpinBox>
            <define>FWbitfi_mceos_SysTaskConfig_TargetInterface_EN</define>
            <value>1</value>
            <dispValue>1</dispValue>
        </DoubleSpinBox>
        <DoubleSpinBox>
            <define>FWbitfi_mceos_SysTaskConfig_BrownOutDetection_EN</define>
            <value>1</value>
            <dispValue>1</dispValue>
        </DoubleSpinBox>
        <DoubleSpinBox>
            <define>FWbitfi_mceos_SysTaskConfig_BGtask_Monitoring_EN</define>
            <value>0</value>
            <dispValue>0</dispValue>
        </DoubleSpinBox>
        <DoubleSpinBox>
            <define>FWparam_mceos_DACFiltGain</define>
            <value>1000</value>
            <dispValue>1000.0000</dispValue>
        </DoubleSpinBox>
        <DoubleSpinBox>
            <define>FWparam_mceos_DACout1</define>
            <value>0</value>
            <dispValue>0.0000</dispValue>
        </DoubleSpinBox>
        <DoubleSpinBox>
            <define>FWparam_mceos_DACout2</define>
            <value>0</value>
            <dispValue>0.0000</dispValue>
        </DoubleSpinBox>
        <DoubleSpinBox>
            <define>FWparam_mceos_DACout3</define>
            <value>0</value>
            <dispValue>0.0000</dispValue>
        </DoubleSpinBox>
        <DoubleSpinBox>
            <define>FWbitfi_mceos_ParSetConf_ParSetDefault</define>
            <value>0</value>
            <dispValue>0</dispValue>
        </DoubleSpinBox>
        <ComboBox>
            <define>FWbitfi_mceos_TIFConf_TIF_protocol</define>
            <value>6</value>
            <dispValue>6</dispValue>
        </ComboBox>
        <ComboBox>
            <define>FWbitfi_mceos_TIFConf_TIF_COMsel</define>
            <value>0</value>
            <dispValue>0</dispValue>
        </ComboBox>
        <ComboBox>
            <define>FWbitfi_mceos_JCOMConf_JCOM_protocol</define>
            <value>0</value>
            <dispValue>0</dispValue>
        </ComboBox>
        <ComboBox>
            <define>FWbitfi_mceos_UARTConf_OpenDrain</define>
            <value>0</value>
            <dispValue>0</dispValue>
        </ComboBox>
        <DoubleSpinBox>
            <define>FWbitfi_mceos_UARTConf_TxDelay</define>
            <value>0</value>
            <dispValue>0</dispValue>
        </DoubleSpinBox>
        <DoubleSpinBox>
            <define>FWparam_mceos_IdleCount</define>
            <value>10000</value>
            <dispValue>10000.0000</dispValue>
        </DoubleSpinBox>
        <DoubleSpinBox>
            <define>FWparam_mceos_LinkBreakCount</define>
            <value>10000</value>
            <dispValue>10000.0000</dispValue>
        </DoubleSpinBox>
        <DoubleSpinBox>
            <define>FWparam_mceos_TIFBaudrate</define>
            <value>1000000</value>
            <dispValue>1000000.0000</dispValue>
        </DoubleSpinBox>
        <DoubleSpinBox>
            <define>FWparam_mceos_JCOMBaudrate</define>
            <value>1000000</value>
            <dispValue>1000000.0000</dispValue>
        </DoubleSpinBox>
        <ComboBox>
            <define>FWbitfi_mceos_ADCConf_ADCReference</define>
            <value>0</value>
            <dispValue>0</dispValue>
        </ComboBox>
        <ComboBox>
            <define>FWbitfi_mceos_ADCConf_ADCRefGNDAPPSM0</define>
            <value>0</value>
            <dispValue>0</dispValue>
        </ComboBox>
        <ComboBox>
            <define>FWbitfi_mceos_ADCConf_ADCRefGNDAPPSM1</define>
            <value>0</value>
            <dispValue>0</dispValue>
        </ComboBox>
        <ComboBox>
            <define>FWbitfi_mceos_GKConf_CMP0_Type</define>
            <value>0</value>
            <dispValue>0</dispValue>
        </ComboBox>
        <ComboBox>
            <define>FWbitfi_mceos_GKConf_CMP1_Type</define>
            <value>0</value>
            <dispValue>0</dispValue>
        </ComboBox>
        <ComboBox>
            <define>FWbitfi_mceos_GKConf_CMP2_Type</define>
            <value>0</value>
            <dispValue>0</dispValue>
        </ComboBox>
        <ComboBox>
            <define>FWbitfi_mceos_GKConf_CMP3_Type</define>
            <value>0</value>
            <dispValue>0</dispValue>
        </ComboBox>
        <ComboBox>
            <define>FWbitfi_mceos_GKConf_CMP3_EN</define>
            <value>0</value>
            <dispValue>0</dispValue>
        </ComboBox>
        <ComboBox>
            <define>FWbitfi_mceos_GKConf_GKPIN1_EN</define>
            <value>0</value>
            <dispValue>0</dispValue>
        </ComboBox>
        <ComboBox>
            <define>FWbitfi_mceos_GKConf_GKPIN0A_EN</define>
            <value>0</value>
            <dispValue>0</dispValue>
        </ComboBox>
        <ComboBox>
            <define>FWbitfi_mceos_GKConf_GKPIN1A_EN</define>
            <value>0</value>
            <dispValue>0</dispValue>
        </ComboBox>
        <DoubleSpinBox>
            <define>FWparam_mceos_StartupDelay</define>
            <value>0.10000000000000000555111512312578</value>
            <dispValue>0.100</dispValue>
        </DoubleSpinBox>
        <ComboBox>
            <define>FWparam_mceos_SafetyEnable</define>
            <value>255</value>
            <dispValue>255</dispValue>
        </ComboBox>
        <DoubleSpinBox>
            <define>FWparam_mceos_FS_restart</define>
            <value>0</value>
            <dispValue>0.0000</dispValue>
        </DoubleSpinBox>
        <ComboBox>
            <define>FWbitfi_mceos_StandbyConf_cpuIdleConf</define>
            <value>0</value>
            <dispValue>0</dispValue>
        </ComboBox>
        <ComboBox>
            <define>FWbitfi_mceos_StandbyConf_standbyMode</define>
            <value>0</value>
            <dispValue>0</dispValue>
        </ComboBox>
        <ComboBox>
            <define>FWbitfi_mceos_StandbyConf_disableMotorGateDriver</define>
            <value>0</value>
            <dispValue>0</dispValue>
        </ComboBox>
        <DoubleSpinBox>
            <define>FWparam_mceos_DACGuardBand</define>
            <value>8</value>
            <dispValue>8.0000</dispValue>
        </DoubleSpinBox>
        <DoubleSpinBox>
            <define>FWparam_mceos_DACBlankingTime</define>
            <value>8</value>
            <dispValue>8.0000</dispValue>
        </DoubleSpinBox>
        <HexSpinBox>
            <define>FWparamCounts_mceos_compatible_version</define>
            <value>1</value>
            <dispValue>1</dispValue>
        </HexSpinBox>
        <HexSpinBox>
            <define>FWparamCounts_mceos_featureID_select</define>
            <value>0</value>
            <dispValue>0</dispValue>
        </HexSpinBox>
        <HexSpinBox>
            <define>FWparamCounts_mceos_SysTaskTime</define>
            <value>1</value>
            <dispValue>1</dispValue>
        </HexSpinBox>
        <HexSpinBox>
            <define>FWparamCounts_mceos_DACFiltGain</define>
            <value>1000</value>
            <dispValue>1000</dispValue>
        </HexSpinBox>
        <HexSpinBox>
            <define>FWparamCounts_mceos_DACout1</define>
            <value>0</value>
            <dispValue>0</dispValue>
        </HexSpinBox>
        <HexSpinBox>
            <define>FWparamCounts_mceos_DACout2</define>
            <value>0</value>
            <dispValue>0</dispValue>
        </HexSpinBox>
        <HexSpinBox>
            <define>FWparamCounts_mceos_DACout3</define>
            <value>0</value>
            <dispValue>0</dispValue>
        </HexSpinBox>
        <HexSpinBox>
            <define>FWparamCounts_mceos_TIFConf</define>
            <value>6</value>
            <dispValue>6</dispValue>
        </HexSpinBox>
        <HexSpinBox>
            <define>FWparamCounts_mceos_IdleCount</define>
            <value>10000</value>
            <dispValue>10000</dispValue>
        </HexSpinBox>
        <HexSpinBox>
            <define>FWparamCounts_mceos_LinkBreakCount</define>
            <value>10000</value>
            <dispValue>10000</dispValue>
        </HexSpinBox>
        <HexSpinBox>
            <define>FWparamCounts_mceos_TIFBaudrate</define>
            <value>1000000</value>
            <dispValue>1000000</dispValue>
        </HexSpinBox>
        <HexSpinBox>
            <define>FWparamCounts_mceos_JCOMBaudrate</define>
            <value>1000000</value>
            <dispValue>1000000</dispValue>
        </HexSpinBox>
        <HexSpinBox>
            <define>FWparamCounts_mceos_ADCConf</define>
            <value>0</value>
            <dispValue>0</dispValue>
        </HexSpinBox>
        <HexSpinBox>
            <define>FWparamCounts_mceos_StartupDelay</define>
            <value>100</value>
            <dispValue>100</dispValue>
        </HexSpinBox>
        <HexSpinBox>
            <define>FWparamCounts_mceos_SafetyEnable</define>
            <value>255</value>
            <dispValue>255</dispValue>
        </HexSpinBox>
        <HexSpinBox>
            <define>FWparamCounts_mceos_FS_restart</define>
            <value>0</value>
            <dispValue>0</dispValue>
        </HexSpinBox>
        <HexSpinBox>
            <define>FWparamCounts_mceos_StandbyConf</define>
            <value>0</value>
            <dispValue>0</dispValue>
        </HexSpinBox>
        <HexSpinBox>
            <define>FWparamCounts_mceos_DACGuardBand</define>
            <value>8</value>
            <dispValue>8</dispValue>
        </HexSpinBox>
        <HexSpinBox>
            <define>FWparamCounts_mceos_DACBlankingTime</define>
            <value>8</value>
            <dispValue>8</dispValue>
        </HexSpinBox>
        <TextEdit>
            <define>txtWindowmceosBottom</define>
            <value>&lt;!DOCTYPE HTML PUBLIC &quot;-//W3C//DTD HTML 4.0//EN&quot; &quot;http://www.w3.org/TR/REC-html40/strict.dtd&quot;&gt;
&lt;html&gt;&lt;head&gt;&lt;meta name=&quot;qrichtext&quot; content=&quot;1&quot; /&gt;&lt;style type=&quot;text/css&quot;&gt;
p, li { white-space: pre-wrap; }
&lt;/style&gt;&lt;/head&gt;&lt;body style=&quot;  font-size:8pt; font-weight:400; font-style:normal;&quot;&gt;
&lt;p style=&quot;-qt-paragraph-type:empty; margin-top:0px; margin-bottom:0px; margin-left:0px; margin-right:0px; -qt-block-indent:0; text-indent:0px;&quot;&gt;&lt;br /&gt;&lt;/p&gt;&lt;/body&gt;&lt;/html&gt;</value>
            <dispValue></dispValue>
        </TextEdit>
        <DoubleSpinBox>
            <define>FWbitfi_FB_ADC_AIN0_Group</define>
            <value>0</value>
            <dispValue>0</dispValue>
        </DoubleSpinBox>
        <DoubleSpinBox>
            <define>FWbitfi_FB_ADC_AIN0_Reserved</define>
            <value>0</value>
            <dispValue>0</dispValue>
        </DoubleSpinBox>
        <ComboBox>
            <define>FWbitfi_FB_ADC_AIN0_Avail</define>
            <value>0</value>
            <dispValue>0</dispValue>
        </ComboBox>
        <DoubleSpinBox>
            <define>FWbitfi_FB_ADC_AIN1_Group</define>
            <value>0</value>
            <dispValue>0</dispValue>
        </DoubleSpinBox>
        <DoubleSpinBox>
            <define>FWbitfi_FB_ADC_AIN1_Reserved</define>
            <value>0</value>
            <dispValue>0</dispValue>
        </DoubleSpinBox>
        <ComboBox>
            <define>FWbitfi_FB_ADC_AIN1_Avail</define>
            <value>0</value>
            <dispValue>0</dispValue>
        </ComboBox>
        <DoubleSpinBox>
            <define>FWbitfi_FB_ADC_AIN2_Group</define>
            <value>0</value>
            <dispValue>0</dispValue>
        </DoubleSpinBox>
        <DoubleSpinBox>
            <define>FWbitfi_FB_ADC_AIN2_Reserved</define>
            <value>0</value>
            <dispValue>0</dispValue>
        </DoubleSpinBox>
        <ComboBox>
            <define>FWbitfi_FB_ADC_AIN2_Avail</define>
            <value>0</value>
            <dispValue>0</dispValue>
        </ComboBox>
        <DoubleSpinBox>
            <define>FWbitfi_FB_ADC_AIN3_Reserved</define>
            <value>0</value>
            <dispValue>0</dispValue>
        </DoubleSpinBox>
        <ComboBox>
            <define>FWbitfi_FB_ADC_AIN3_Avail</define>
            <value>0</value>
            <dispValue>0</dispValue>
        </ComboBox>
        <DoubleSpinBox>
            <define>FWbitfi_FB_ADC_AIN4_Reserved</define>
            <value>0</value>
            <dispValue>0</dispValue>
        </DoubleSpinBox>
        <ComboBox>
            <define>FWbitfi_FB_ADC_AIN4_Avail</define>
            <value>0</value>
            <dispValue>0</dispValue>
        </ComboBox>
        <DoubleSpinBox>
            <define>FWbitfi_FB_ADC_AIN5_Reserved</define>
            <value>0</value>
            <dispValue>0</dispValue>
        </DoubleSpinBox>
        <ComboBox>
            <define>FWbitfi_FB_ADC_AIN5_Avail</define>
            <value>0</value>
            <dispValue>0</dispValue>
        </ComboBox>
        <DoubleSpinBox>
            <define>FWbitfi_FB_ADC_AIN6_Group</define>
            <value>0</value>
            <dispValue>0</dispValue>
        </DoubleSpinBox>
        <DoubleSpinBox>
            <define>FWbitfi_FB_ADC_AIN6_Reserved</define>
            <value>0</value>
            <dispValue>0</dispValue>
        </DoubleSpinBox>
        <ComboBox>
            <define>FWbitfi_FB_ADC_AIN6_Avail</define>
            <value>0</value>
            <dispValue>0</dispValue>
        </ComboBox>
        <DoubleSpinBox>
            <define>FWbitfi_FB_ADC_AIN7_Reserved</define>
            <value>0</value>
            <dispValue>0</dispValue>
        </DoubleSpinBox>
        <ComboBox>
            <define>FWbitfi_FB_ADC_AIN7_Avail</define>
            <value>0</value>
            <dispValue>0</dispValue>
        </ComboBox>
        <DoubleSpinBox>
            <define>FWbitfi_FB_ADC_AIN8_Group</define>
            <value>0</value>
            <dispValue>0</dispValue>
        </DoubleSpinBox>
        <DoubleSpinBox>
            <define>FWbitfi_FB_ADC_AIN8_Reserved</define>
            <value>0</value>
            <dispValue>0</dispValue>
        </DoubleSpinBox>
        <ComboBox>
            <define>FWbitfi_FB_ADC_AIN8_Avail</define>
            <value>0</value>
            <dispValue>0</dispValue>
        </ComboBox>
        <DoubleSpinBox>
            <define>FWbitfi_FB_ADC_AIN9_Group</define>
            <value>0</value>
            <dispValue>0</dispValue>
        </DoubleSpinBox>
        <DoubleSpinBox>
            <define>FWbitfi_FB_ADC_AIN9_Reserved</define>
            <value>0</value>
            <dispValue>0</dispValue>
        </DoubleSpinBox>
        <ComboBox>
            <define>FWbitfi_FB_ADC_AIN9_Avail</define>
            <value>0</value>
            <dispValue>0</dispValue>
        </ComboBox>
        <DoubleSpinBox>
            <define>FWbitfi_FB_ADC_AIN10_Group</define>
            <value>0</value>
            <dispValue>0</dispValue>
        </DoubleSpinBox>
        <DoubleSpinBox>
            <define>FWbitfi_FB_ADC_AIN10_Reserved</define>
            <value>0</value>
            <dispValue>0</dispValue>
        </DoubleSpinBox>
        <ComboBox>
            <define>FWbitfi_FB_ADC_AIN10_Avail</define>
            <value>0</value>
            <dispValue>0</dispValue>
        </ComboBox>
        <DoubleSpinBox>
            <define>FWbitfi_FB_ADC_AIN11_Reserved</define>
            <value>0</value>
            <dispValue>0</dispValue>
        </DoubleSpinBox>
        <ComboBox>
            <define>FWbitfi_FB_ADC_AIN11_Avail</define>
            <value>0</value>
            <dispValue>0</dispValue>
        </ComboBox>
        <TextEdit>
            <define>txtWindowFB_ADCBottom</define>
            <value>&lt;!DOCTYPE HTML PUBLIC &quot;-//W3C//DTD HTML 4.0//EN&quot; &quot;http://www.w3.org/TR/REC-html40/strict.dtd&quot;&gt;
&lt;html&gt;&lt;head&gt;&lt;meta name=&quot;qrichtext&quot; content=&quot;1&quot; /&gt;&lt;style type=&quot;text/css&quot;&gt;
p, li { white-space: pre-wrap; }
&lt;/style&gt;&lt;/head&gt;&lt;body style=&quot;  font-size:8pt; font-weight:400; font-style:normal;&quot;&gt;
&lt;p style=&quot;-qt-paragraph-type:empty; margin-top:0px; margin-bottom:0px; margin-left:0px; margin-right:0px; -qt-block-indent:0; text-indent:0px;&quot;&gt;&lt;br /&gt;&lt;/p&gt;&lt;/body&gt;&lt;/html&gt;</value>
            <dispValue></dispValue>
        </TextEdit>
        <DoubleSpinBox>
            <define>FWbitfi_FB_GPIO_GPIO0_PortIO</define>
            <value>0</value>
            <dispValue>0</dispValue>
        </DoubleSpinBox>
        <DoubleSpinBox>
            <define>FWbitfi_FB_GPIO_GPIO0_Port</define>
            <value>0</value>
            <dispValue>0</dispValue>
        </DoubleSpinBox>
        <ComboBox>
            <define>FWbitfi_FB_GPIO_GPIO0_OD</define>
            <value>0</value>
            <dispValue>0</dispValue>
        </ComboBox>
        <ComboBox>
            <define>FWbitfi_FB_GPIO_GPIO0_Hys</define>
            <value>0</value>
            <dispValue>0</dispValue>
        </ComboBox>
        <ComboBox>
            <define>FWbitfi_FB_GPIO_GPIO0_Pull</define>
            <value>0</value>
            <dispValue>0</dispValue>
        </ComboBox>
        <ComboBox>
            <define>FWbitfi_FB_GPIO_GPIO0_Avail</define>
            <value>0</value>
            <dispValue>0</dispValue>
        </ComboBox>
        <DoubleSpinBox>
            <define>FWbitfi_FB_GPIO_GPIO1_Port</define>
            <value>0</value>
            <dispValue>0</dispValue>
        </DoubleSpinBox>
        <ComboBox>
            <define>FWbitfi_FB_GPIO_GPIO1_OD</define>
            <value>0</value>
            <dispValue>0</dispValue>
        </ComboBox>
        <ComboBox>
            <define>FWbitfi_FB_GPIO_GPIO1_Hys</define>
            <value>0</value>
            <dispValue>0</dispValue>
        </ComboBox>
        <ComboBox>
            <define>FWbitfi_FB_GPIO_GPIO1_Pull</define>
            <value>0</value>
            <dispValue>0</dispValue>
        </ComboBox>
        <ComboBox>
            <define>FWbitfi_FB_GPIO_GPIO1_res</define>
            <value>0</value>
            <dispValue>0</dispValue>
        </ComboBox>
        <ComboBox>
            <define>FWbitfi_FB_GPIO_GPIO1_Dir</define>
            <value>0</value>
            <dispValue>0</dispValue>
        </ComboBox>
        <ComboBox>
            <define>FWbitfi_FB_GPIO_GPIO1_Avail</define>
            <value>0</value>
            <dispValue>0</dispValue>
        </ComboBox>
        <ComboBox>
            <define>FWbitfi_FB_GPIO_GPIO2_Default</define>
            <value>0</value>
            <dispValue>0</dispValue>
        </ComboBox>
        <ComboBox>
            <define>FWbitfi_FB_GPIO_GPIO2_OD</define>
            <value>0</value>
            <dispValue>0</dispValue>
        </ComboBox>
        <ComboBox>
            <define>FWbitfi_FB_GPIO_GPIO2_Hys</define>
            <value>0</value>
            <dispValue>0</dispValue>
        </ComboBox>
        <ComboBox>
            <define>FWbitfi_FB_GPIO_GPIO2_Invert</define>
            <value>0</value>
            <dispValue>0</dispValue>
        </ComboBox>
        <ComboBox>
            <define>FWbitfi_FB_GPIO_GPIO2_res</define>
            <value>0</value>
            <dispValue>0</dispValue>
        </ComboBox>
        <ComboBox>
            <define>FWbitfi_FB_GPIO_GPIO2_Dir</define>
            <value>0</value>
            <dispValue>0</dispValue>
        </ComboBox>
        <ComboBox>
            <define>FWbitfi_FB_GPIO_GPIO2_Avail</define>
            <value>0</value>
            <dispValue>0</dispValue>
        </ComboBox>
        <ComboBox>
            <define>FWbitfi_FB_GPIO_GPIO3_Default</define>
            <value>0</value>
            <dispValue>0</dispValue>
        </ComboBox>
        <ComboBox>
            <define>FWbitfi_FB_GPIO_GPIO3_OD</define>
            <value>0</value>
            <dispValue>0</dispValue>
        </ComboBox>
        <ComboBox>
            <define>FWbitfi_FB_GPIO_GPIO3_Hys</define>
            <value>0</value>
            <dispValue>0</dispValue>
        </ComboBox>
        <ComboBox>
            <define>FWbitfi_FB_GPIO_GPIO3_Invert</define>
            <value>0</value>
            <dispValue>0</dispValue>
        </ComboBox>
        <ComboBox>
            <define>FWbitfi_FB_GPIO_GPIO3_res</define>
            <value>0</value>
            <dispValue>0</dispValue>
        </ComboBox>
        <ComboBox>
            <define>FWbitfi_FB_GPIO_GPIO3_Dir</define>
            <value>0</value>
            <dispValue>0</dispValue>
        </ComboBox>
        <ComboBox>
            <define>FWbitfi_FB_GPIO_GPIO3_Avail</define>
            <value>0</value>
            <dispValue>0</dispValue>
        </ComboBox>
        <ComboBox>
            <define>FWbitfi_FB_GPIO_GPIO4_Default</define>
            <value>0</value>
            <dispValue>0</dispValue>
        </ComboBox>
        <ComboBox>
            <define>FWbitfi_FB_GPIO_GPIO4_OD</define>
            <value>0</value>
            <dispValue>0</dispValue>
        </ComboBox>
        <ComboBox>
            <define>FWbitfi_FB_GPIO_GPIO4_Hys</define>
            <value>0</value>
            <dispValue>0</dispValue>
        </ComboBox>
        <ComboBox>
            <define>FWbitfi_FB_GPIO_GPIO4_Invert</define>
            <value>0</value>
            <dispValue>0</dispValue>
        </ComboBox>
        <ComboBox>
            <define>FWbitfi_FB_GPIO_GPIO4_res</define>
            <value>0</value>
            <dispValue>0</dispValue>
        </ComboBox>
        <ComboBox>
            <define>FWbitfi_FB_GPIO_GPIO4_Dir</define>
            <value>0</value>
            <dispValue>0</dispValue>
        </ComboBox>
        <ComboBox>
            <define>FWbitfi_FB_GPIO_GPIO4_Avail</define>
            <value>0</value>
            <dispValue>0</dispValue>
        </ComboBox>
        <DoubleSpinBox>
            <define>FWbitfi_FB_GPIO_GPIO5_PortIO</define>
            <value>0</value>
            <dispValue>0</dispValue>
        </DoubleSpinBox>
        <DoubleSpinBox>
            <define>FWbitfi_FB_GPIO_GPIO5_Port</define>
            <value>0</value>
            <dispValue>0</dispValue>
        </DoubleSpinBox>
        <ComboBox>
            <define>FWbitfi_FB_GPIO_GPIO5_Default</define>
            <value>0</value>
            <dispValue>0</dispValue>
        </ComboBox>
        <ComboBox>
            <define>FWbitfi_FB_GPIO_GPIO5_OD</define>
            <value>0</value>
            <dispValue>0</dispValue>
        </ComboBox>
        <ComboBox>
            <define>FWbitfi_FB_GPIO_GPIO5_Hys</define>
            <value>0</value>
            <dispValue>0</dispValue>
        </ComboBox>
        <ComboBox>
            <define>FWbitfi_FB_GPIO_GPIO5_Invert</define>
            <value>0</value>
            <dispValue>0</dispValue>
        </ComboBox>
        <ComboBox>
            <define>FWbitfi_FB_GPIO_GPIO5_res</define>
            <value>0</value>
            <dispValue>0</dispValue>
        </ComboBox>
        <ComboBox>
            <define>FWbitfi_FB_GPIO_GPIO5_Dir</define>
            <value>0</value>
            <dispValue>0</dispValue>
        </ComboBox>
        <ComboBox>
            <define>FWbitfi_FB_GPIO_GPIO5_Avail</define>
            <value>0</value>
            <dispValue>0</dispValue>
        </ComboBox>
        <DoubleSpinBox>
            <define>FWbitfi_FB_GPIO_GPIO6_Port</define>
            <value>0</value>
            <dispValue>0</dispValue>
        </DoubleSpinBox>
        <ComboBox>
            <define>FWbitfi_FB_GPIO_GPIO6_Default</define>
            <value>0</value>
            <dispValue>0</dispValue>
        </ComboBox>
        <ComboBox>
            <define>FWbitfi_FB_GPIO_GPIO6_OD</define>
            <value>0</value>
            <dispValue>0</dispValue>
        </ComboBox>
        <ComboBox>
            <define>FWbitfi_FB_GPIO_GPIO6_Hys</define>
            <value>0</value>
            <dispValue>0</dispValue>
        </ComboBox>
        <ComboBox>
            <define>FWbitfi_FB_GPIO_GPIO6_Invert</define>
            <value>0</value>
            <dispValue>0</dispValue>
        </ComboBox>
        <ComboBox>
            <define>FWbitfi_FB_GPIO_GPIO6_res</define>
            <value>0</value>
            <dispValue>0</dispValue>
        </ComboBox>
        <ComboBox>
            <define>FWbitfi_FB_GPIO_GPIO6_Dir</define>
            <value>0</value>
            <dispValue>0</dispValue>
        </ComboBox>
        <ComboBox>
            <define>FWbitfi_FB_GPIO_GPIO7_Default</define>
            <value>0</value>
            <dispValue>0</dispValue>
        </ComboBox>
        <ComboBox>
            <define>FWbitfi_FB_GPIO_GPIO7_OD</define>
            <value>0</value>
            <dispValue>0</dispValue>
        </ComboBox>
        <ComboBox>
            <define>FWbitfi_FB_GPIO_GPIO7_Hys</define>
            <value>0</value>
            <dispValue>0</dispValue>
        </ComboBox>
        <ComboBox>
            <define>FWbitfi_FB_GPIO_GPIO7_Invert</define>
            <value>0</value>
            <dispValue>0</dispValue>
        </ComboBox>
        <ComboBox>
            <define>FWbitfi_FB_GPIO_GPIO7_res</define>
            <value>0</value>
            <dispValue>0</dispValue>
        </ComboBox>
        <ComboBox>
            <define>FWbitfi_FB_GPIO_GPIO7_Dir</define>
            <value>0</value>
            <dispValue>0</dispValue>
        </ComboBox>
        <ComboBox>
            <define>FWbitfi_FB_GPIO_GPIO7_Avail</define>
            <value>0</value>
            <dispValue>0</dispValue>
        </ComboBox>
        <ComboBox>
            <define>FWbitfi_FB_GPIO_GPIO8_Default</define>
            <value>0</value>
            <dispValue>0</dispValue>
        </ComboBox>
        <ComboBox>
            <define>FWbitfi_FB_GPIO_GPIO8_OD</define>
            <value>0</value>
            <dispValue>0</dispValue>
        </ComboBox>
        <ComboBox>
            <define>FWbitfi_FB_GPIO_GPIO8_Hys</define>
            <value>0</value>
            <dispValue>0</dispValue>
        </ComboBox>
        <ComboBox>
            <define>FWbitfi_FB_GPIO_GPIO8_Invert</define>
            <value>0</value>
            <dispValue>0</dispValue>
        </ComboBox>
        <ComboBox>
            <define>FWbitfi_FB_GPIO_GPIO8_res</define>
            <value>0</value>
            <dispValue>0</dispValue>
        </ComboBox>
        <ComboBox>
            <define>FWbitfi_FB_GPIO_GPIO8_Dir</define>
            <value>0</value>
            <dispValue>0</dispValue>
        </ComboBox>
        <ComboBox>
            <define>FWbitfi_FB_GPIO_GPIO8_Avail</define>
            <value>0</value>
            <dispValue>0</dispValue>
        </ComboBox>
        <ComboBox>
            <define>FWbitfi_FB_GPIO_GPIO9_Default</define>
            <value>0</value>
            <dispValue>0</dispValue>
        </ComboBox>
        <ComboBox>
            <define>FWbitfi_FB_GPIO_GPIO9_OD</define>
            <value>0</value>
            <dispValue>0</dispValue>
        </ComboBox>
        <ComboBox>
            <define>FWbitfi_FB_GPIO_GPIO9_Hys</define>
            <value>0</value>
            <dispValue>0</dispValue>
        </ComboBox>
        <ComboBox>
            <define>FWbitfi_FB_GPIO_GPIO9_Invert</define>
            <value>0</value>
            <dispValue>0</dispValue>
        </ComboBox>
        <ComboBox>
            <define>FWbitfi_FB_GPIO_GPIO9_res</define>
            <value>0</value>
            <dispValue>0</dispValue>
        </ComboBox>
        <ComboBox>
            <define>FWbitfi_FB_GPIO_GPIO9_Dir</define>
            <value>0</value>
            <dispValue>0</dispValue>
        </ComboBox>
        <ComboBox>
            <define>FWbitfi_FB_GPIO_GPIO10_Default</define>
            <value>0</value>
            <dispValue>0</dispValue>
        </ComboBox>
        <ComboBox>
            <define>FWbitfi_FB_GPIO_GPIO10_OD</define>
            <value>0</value>
            <dispValue>0</dispValue>
        </ComboBox>
        <ComboBox>
            <define>FWbitfi_FB_GPIO_GPIO10_Hys</define>
            <value>0</value>
            <dispValue>0</dispValue>
        </ComboBox>
        <ComboBox>
            <define>FWbitfi_FB_GPIO_GPIO10_Invert</define>
            <value>0</value>
            <dispValue>0</dispValue>
        </ComboBox>
        <ComboBox>
            <define>FWbitfi_FB_GPIO_GPIO10_res</define>
            <value>0</value>
            <dispValue>0</dispValue>
        </ComboBox>
        <ComboBox>
            <define>FWbitfi_FB_GPIO_GPIO10_Dir</define>
            <value>0</value>
            <dispValue>0</dispValue>
        </ComboBox>
        <DoubleSpinBox>
            <define>FWbitfi_FB_GPIO_GPIO11_PortIO</define>
            <value>0</value>
            <dispValue>0</dispValue>
        </DoubleSpinBox>
        <DoubleSpinBox>
            <define>FWbitfi_FB_GPIO_GPIO11_Port</define>
            <value>0</value>
            <dispValue>0</dispValue>
        </DoubleSpinBox>
        <ComboBox>
            <define>FWbitfi_FB_GPIO_GPIO11_Default</define>
            <value>0</value>
            <dispValue>0</dispValue>
        </ComboBox>
        <ComboBox>
            <define>FWbitfi_FB_GPIO_GPIO11_OD</define>
            <value>0</value>
            <dispValue>0</dispValue>
        </ComboBox>
        <ComboBox>
            <define>FWbitfi_FB_GPIO_GPIO11_Hys</define>
            <value>0</value>
            <dispValue>0</dispValue>
        </ComboBox>
        <ComboBox>
            <define>FWbitfi_FB_GPIO_GPIO11_Invert</define>
            <value>0</value>
            <dispValue>0</dispValue>
        </ComboBox>
        <ComboBox>
            <define>FWbitfi_FB_GPIO_GPIO11_res</define>
            <value>0</value>
            <dispValue>0</dispValue>
        </ComboBox>
        <ComboBox>
            <define>FWbitfi_FB_GPIO_GPIO11_Dir</define>
            <value>0</value>
            <dispValue>0</dispValue>
        </ComboBox>
        <ComboBox>
            <define>FWbitfi_FB_GPIO_GPIO11_Avail</define>
            <value>0</value>
            <dispValue>0</dispValue>
        </ComboBox>
        <DoubleSpinBox>
            <define>FWbitfi_FB_GPIO_GPIO12_PortIO</define>
            <value>0</value>
            <dispValue>0</dispValue>
        </DoubleSpinBox>
        <DoubleSpinBox>
            <define>FWbitfi_FB_GPIO_GPIO12_Port</define>
            <value>0</value>
            <dispValue>0</dispValue>
        </DoubleSpinBox>
        <ComboBox>
            <define>FWbitfi_FB_GPIO_GPIO12_Default</define>
            <value>0</value>
            <dispValue>0</dispValue>
        </ComboBox>
        <ComboBox>
            <define>FWbitfi_FB_GPIO_GPIO12_OD</define>
            <value>0</value>
            <dispValue>0</dispValue>
        </ComboBox>
        <ComboBox>
            <define>FWbitfi_FB_GPIO_GPIO12_Hys</define>
            <value>0</value>
            <dispValue>0</dispValue>
        </ComboBox>
        <ComboBox>
            <define>FWbitfi_FB_GPIO_GPIO12_Invert</define>
            <value>0</value>
            <dispValue>0</dispValue>
        </ComboBox>
        <ComboBox>
            <define>FWbitfi_FB_GPIO_GPIO12_res</define>
            <value>0</value>
            <dispValue>0</dispValue>
        </ComboBox>
        <ComboBox>
            <define>FWbitfi_FB_GPIO_GPIO12_Dir</define>
            <value>0</value>
            <dispValue>0</dispValue>
        </ComboBox>
        <ComboBox>
            <define>FWbitfi_FB_GPIO_GPIO12_Avail</define>
            <value>0</value>
            <dispValue>0</dispValue>
        </ComboBox>
        <DoubleSpinBox>
            <define>FWbitfi_FB_GPIO_GPIO13_PortIO</define>
            <value>0</value>
            <dispValue>0</dispValue>
        </DoubleSpinBox>
        <DoubleSpinBox>
            <define>FWbitfi_FB_GPIO_GPIO13_Port</define>
            <value>0</value>
            <dispValue>0</dispValue>
        </DoubleSpinBox>
        <ComboBox>
            <define>FWbitfi_FB_GPIO_GPIO13_Default</define>
            <value>0</value>
            <dispValue>0</dispValue>
        </ComboBox>
        <ComboBox>
            <define>FWbitfi_FB_GPIO_GPIO13_OD</define>
            <value>0</value>
            <dispValue>0</dispValue>
        </ComboBox>
        <ComboBox>
            <define>FWbitfi_FB_GPIO_GPIO13_Hys</define>
            <value>0</value>
            <dispValue>0</dispValue>
        </ComboBox>
        <ComboBox>
            <define>FWbitfi_FB_GPIO_GPIO13_Invert</define>
            <value>0</value>
            <dispValue>0</dispValue>
        </ComboBox>
        <ComboBox>
            <define>FWbitfi_FB_GPIO_GPIO13_res</define>
            <value>0</value>
            <dispValue>0</dispValue>
        </ComboBox>
        <ComboBox>
            <define>FWbitfi_FB_GPIO_GPIO13_Dir</define>
            <value>0</value>
            <dispValue>0</dispValue>
        </ComboBox>
        <ComboBox>
            <define>FWbitfi_FB_GPIO_GPIO13_Avail</define>
            <value>0</value>
            <dispValue>0</dispValue>
        </ComboBox>
        <DoubleSpinBox>
            <define>FWbitfi_FB_GPIO_GPIO14_PortIO</define>
            <value>0</value>
            <dispValue>0</dispValue>
        </DoubleSpinBox>
        <DoubleSpinBox>
            <define>FWbitfi_FB_GPIO_GPIO14_Port</define>
            <value>0</value>
            <dispValue>0</dispValue>
        </DoubleSpinBox>
        <ComboBox>
            <define>FWbitfi_FB_GPIO_GPIO14_Default</define>
            <value>0</value>
            <dispValue>0</dispValue>
        </ComboBox>
        <ComboBox>
            <define>FWbitfi_FB_GPIO_GPIO14_OD</define>
            <value>0</value>
            <dispValue>0</dispValue>
        </ComboBox>
        <ComboBox>
            <define>FWbitfi_FB_GPIO_GPIO14_Hys</define>
            <value>0</value>
            <dispValue>0</dispValue>
        </ComboBox>
        <ComboBox>
            <define>FWbitfi_FB_GPIO_GPIO14_Invert</define>
            <value>0</value>
            <dispValue>0</dispValue>
        </ComboBox>
        <ComboBox>
            <define>FWbitfi_FB_GPIO_GPIO14_res</define>
            <value>0</value>
            <dispValue>0</dispValue>
        </ComboBox>
        <ComboBox>
            <define>FWbitfi_FB_GPIO_GPIO14_Dir</define>
            <value>0</value>
            <dispValue>0</dispValue>
        </ComboBox>
        <ComboBox>
            <define>FWbitfi_FB_GPIO_GPIO14_Avail</define>
            <value>0</value>
            <dispValue>0</dispValue>
        </ComboBox>
        <DoubleSpinBox>
            <define>FWbitfi_FB_GPIO_GPIO15_PortIO</define>
            <value>0</value>
            <dispValue>0</dispValue>
        </DoubleSpinBox>
        <DoubleSpinBox>
            <define>FWbitfi_FB_GPIO_GPIO15_Port</define>
            <value>0</value>
            <dispValue>0</dispValue>
        </DoubleSpinBox>
        <ComboBox>
            <define>FWbitfi_FB_GPIO_GPIO15_Default</define>
            <value>0</value>
            <dispValue>0</dispValue>
        </ComboBox>
        <ComboBox>
            <define>FWbitfi_FB_GPIO_GPIO15_OD</define>
            <value>0</value>
            <dispValue>0</dispValue>
        </ComboBox>
        <ComboBox>
            <define>FWbitfi_FB_GPIO_GPIO15_Hys</define>
            <value>0</value>
            <dispValue>0</dispValue>
        </ComboBox>
        <ComboBox>
            <define>FWbitfi_FB_GPIO_GPIO15_Invert</define>
            <value>0</value>
            <dispValue>0</dispValue>
        </ComboBox>
        <ComboBox>
            <define>FWbitfi_FB_GPIO_GPIO15_res</define>
            <value>0</value>
            <dispValue>0</dispValue>
        </ComboBox>
        <ComboBox>
            <define>FWbitfi_FB_GPIO_GPIO15_Dir</define>
            <value>0</value>
            <dispValue>0</dispValue>
        </ComboBox>
        <ComboBox>
            <define>FWbitfi_FB_GPIO_GPIO15_Avail</define>
            <value>0</value>
            <dispValue>0</dispValue>
        </ComboBox>
        <DoubleSpinBox>
            <define>FWbitfi_FB_GPIO_GPIO16_PortIO</define>
            <value>0</value>
            <dispValue>0</dispValue>
        </DoubleSpinBox>
        <DoubleSpinBox>
            <define>FWbitfi_FB_GPIO_GPIO16_Port</define>
            <value>0</value>
            <dispValue>0</dispValue>
        </DoubleSpinBox>
        <ComboBox>
            <define>FWbitfi_FB_GPIO_GPIO16_Default</define>
            <value>0</value>
            <dispValue>0</dispValue>
        </ComboBox>
        <ComboBox>
            <define>FWbitfi_FB_GPIO_GPIO16_OD</define>
            <value>0</value>
            <dispValue>0</dispValue>
        </ComboBox>
        <ComboBox>
            <define>FWbitfi_FB_GPIO_GPIO16_Hys</define>
            <value>0</value>
            <dispValue>0</dispValue>
        </ComboBox>
        <ComboBox>
            <define>FWbitfi_FB_GPIO_GPIO16_Invert</define>
            <value>0</value>
            <dispValue>0</dispValue>
        </ComboBox>
        <ComboBox>
            <define>FWbitfi_FB_GPIO_GPIO16_res</define>
            <value>0</value>
            <dispValue>0</dispValue>
        </ComboBox>
        <ComboBox>
            <define>FWbitfi_FB_GPIO_GPIO16_Dir</define>
            <value>0</value>
            <dispValue>0</dispValue>
        </ComboBox>
        <ComboBox>
            <define>FWbitfi_FB_GPIO_GPIO16_Avail</define>
            <value>0</value>
            <dispValue>0</dispValue>
        </ComboBox>
        <DoubleSpinBox>
            <define>FWbitfi_FB_GPIO_GPIO17_PortIO</define>
            <value>0</value>
            <dispValue>0</dispValue>
        </DoubleSpinBox>
        <DoubleSpinBox>
            <define>FWbitfi_FB_GPIO_GPIO17_Port</define>
            <value>0</value>
            <dispValue>0</dispValue>
        </DoubleSpinBox>
        <ComboBox>
            <define>FWbitfi_FB_GPIO_GPIO17_Default</define>
            <value>0</value>
            <dispValue>0</dispValue>
        </ComboBox>
        <ComboBox>
            <define>FWbitfi_FB_GPIO_GPIO17_OD</define>
            <value>0</value>
            <dispValue>0</dispValue>
        </ComboBox>
        <ComboBox>
            <define>FWbitfi_FB_GPIO_GPIO17_Hys</define>
            <value>0</value>
            <dispValue>0</dispValue>
        </ComboBox>
        <ComboBox>
            <define>FWbitfi_FB_GPIO_GPIO17_Invert</define>
            <value>0</value>
            <dispValue>0</dispValue>
        </ComboBox>
        <ComboBox>
            <define>FWbitfi_FB_GPIO_GPIO17_res</define>
            <value>0</value>
            <dispValue>0</dispValue>
        </ComboBox>
        <ComboBox>
            <define>FWbitfi_FB_GPIO_GPIO17_Dir</define>
            <value>0</value>
            <dispValue>0</dispValue>
        </ComboBox>
        <ComboBox>
            <define>FWbitfi_FB_GPIO_GPIO17_Avail</define>
            <value>0</value>
            <dispValue>0</dispValue>
        </ComboBox>
        <DoubleSpinBox>
            <define>FWbitfi_FB_GPIO_GPIO18_PortIO</define>
            <value>0</value>
            <dispValue>0</dispValue>
        </DoubleSpinBox>
        <DoubleSpinBox>
            <define>FWbitfi_FB_GPIO_GPIO18_Port</define>
            <value>0</value>
            <dispValue>0</dispValue>
        </DoubleSpinBox>
        <ComboBox>
            <define>FWbitfi_FB_GPIO_GPIO18_Default</define>
            <value>0</value>
            <dispValue>0</dispValue>
        </ComboBox>
        <ComboBox>
            <define>FWbitfi_FB_GPIO_GPIO18_OD</define>
            <value>0</value>
            <dispValue>0</dispValue>
        </ComboBox>
        <ComboBox>
            <define>FWbitfi_FB_GPIO_GPIO18_Hys</define>
            <value>0</value>
            <dispValue>0</dispValue>
        </ComboBox>
        <ComboBox>
            <define>FWbitfi_FB_GPIO_GPIO18_Invert</define>
            <value>0</value>
            <dispValue>0</dispValue>
        </ComboBox>
        <ComboBox>
            <define>FWbitfi_FB_GPIO_GPIO18_res</define>
            <value>0</value>
            <dispValue>0</dispValue>
        </ComboBox>
        <ComboBox>
            <define>FWbitfi_FB_GPIO_GPIO18_Dir</define>
            <value>0</value>
            <dispValue>0</dispValue>
        </ComboBox>
        <ComboBox>
            <define>FWbitfi_FB_GPIO_GPIO18_Avail</define>
            <value>0</value>
            <dispValue>0</dispValue>
        </ComboBox>
        <DoubleSpinBox>
            <define>FWbitfi_FB_GPIO_GPIO19_PortIO</define>
            <value>0</value>
            <dispValue>0</dispValue>
        </DoubleSpinBox>
        <DoubleSpinBox>
            <define>FWbitfi_FB_GPIO_GPIO19_Port</define>
            <value>0</value>
            <dispValue>0</dispValue>
        </DoubleSpinBox>
        <ComboBox>
            <define>FWbitfi_FB_GPIO_GPIO19_Default</define>
            <value>0</value>
            <dispValue>0</dispValue>
        </ComboBox>
        <ComboBox>
            <define>FWbitfi_FB_GPIO_GPIO19_OD</define>
            <value>0</value>
            <dispValue>0</dispValue>
        </ComboBox>
        <ComboBox>
            <define>FWbitfi_FB_GPIO_GPIO19_Hys</define>
            <value>0</value>
            <dispValue>0</dispValue>
        </ComboBox>
        <ComboBox>
            <define>FWbitfi_FB_GPIO_GPIO19_Invert</define>
            <value>0</value>
            <dispValue>0</dispValue>
        </ComboBox>
        <ComboBox>
            <define>FWbitfi_FB_GPIO_GPIO19_res</define>
            <value>0</value>
            <dispValue>0</dispValue>
        </ComboBox>
        <ComboBox>
            <define>FWbitfi_FB_GPIO_GPIO19_Dir</define>
            <value>0</value>
            <dispValue>0</dispValue>
        </ComboBox>
        <ComboBox>
            <define>FWbitfi_FB_GPIO_GPIO19_Avail</define>
            <value>0</value>
            <dispValue>0</dispValue>
        </ComboBox>
        <DoubleSpinBox>
            <define>FWbitfi_FB_GPIO_GPIO20_PortIO</define>
            <value>0</value>
            <dispValue>0</dispValue>
        </DoubleSpinBox>
        <DoubleSpinBox>
            <define>FWbitfi_FB_GPIO_GPIO20_Port</define>
            <value>0</value>
            <dispValue>0</dispValue>
        </DoubleSpinBox>
        <ComboBox>
            <define>FWbitfi_FB_GPIO_GPIO20_Default</define>
            <value>0</value>
            <dispValue>0</dispValue>
        </ComboBox>
        <ComboBox>
            <define>FWbitfi_FB_GPIO_GPIO20_OD</define>
            <value>0</value>
            <dispValue>0</dispValue>
        </ComboBox>
        <ComboBox>
            <define>FWbitfi_FB_GPIO_GPIO20_Hys</define>
            <value>0</value>
            <dispValue>0</dispValue>
        </ComboBox>
        <ComboBox>
            <define>FWbitfi_FB_GPIO_GPIO20_Invert</define>
            <value>0</value>
            <dispValue>0</dispValue>
        </ComboBox>
        <ComboBox>
            <define>FWbitfi_FB_GPIO_GPIO20_res</define>
            <value>0</value>
            <dispValue>0</dispValue>
        </ComboBox>
        <ComboBox>
            <define>FWbitfi_FB_GPIO_GPIO20_Dir</define>
            <value>0</value>
            <dispValue>0</dispValue>
        </ComboBox>
        <ComboBox>
            <define>FWbitfi_FB_GPIO_GPIO20_Avail</define>
            <value>0</value>
            <dispValue>0</dispValue>
        </ComboBox>
        <DoubleSpinBox>
            <define>FWbitfi_FB_GPIO_GPIO21_PortIO</define>
            <value>0</value>
            <dispValue>0</dispValue>
        </DoubleSpinBox>
        <DoubleSpinBox>
            <define>FWbitfi_FB_GPIO_GPIO21_Port</define>
            <value>0</value>
            <dispValue>0</dispValue>
        </DoubleSpinBox>
        <ComboBox>
            <define>FWbitfi_FB_GPIO_GPIO21_Default</define>
            <value>0</value>
            <dispValue>0</dispValue>
        </ComboBox>
        <ComboBox>
            <define>FWbitfi_FB_GPIO_GPIO21_OD</define>
            <value>0</value>
            <dispValue>0</dispValue>
        </ComboBox>
        <ComboBox>
            <define>FWbitfi_FB_GPIO_GPIO21_Hys</define>
            <value>0</value>
            <dispValue>0</dispValue>
        </ComboBox>
        <ComboBox>
            <define>FWbitfi_FB_GPIO_GPIO21_Invert</define>
            <value>0</value>
            <dispValue>0</dispValue>
        </ComboBox>
        <ComboBox>
            <define>FWbitfi_FB_GPIO_GPIO21_res</define>
            <value>0</value>
            <dispValue>0</dispValue>
        </ComboBox>
        <ComboBox>
            <define>FWbitfi_FB_GPIO_GPIO21_Dir</define>
            <value>0</value>
            <dispValue>0</dispValue>
        </ComboBox>
        <ComboBox>
            <define>FWbitfi_FB_GPIO_GPIO21_Avail</define>
            <value>0</value>
            <dispValue>0</dispValue>
        </ComboBox>
        <DoubleSpinBox>
            <define>FWbitfi_FB_GPIO_GPIO22_PortIO</define>
            <value>0</value>
            <dispValue>0</dispValue>
        </DoubleSpinBox>
        <DoubleSpinBox>
            <define>FWbitfi_FB_GPIO_GPIO22_Port</define>
            <value>0</value>
            <dispValue>0</dispValue>
        </DoubleSpinBox>
        <ComboBox>
            <define>FWbitfi_FB_GPIO_GPIO22_Default</define>
            <value>0</value>
            <dispValue>0</dispValue>
        </ComboBox>
        <ComboBox>
            <define>FWbitfi_FB_GPIO_GPIO22_OD</define>
            <value>0</value>
            <dispValue>0</dispValue>
        </ComboBox>
        <ComboBox>
            <define>FWbitfi_FB_GPIO_GPIO22_Hys</define>
            <value>0</value>
            <dispValue>0</dispValue>
        </ComboBox>
        <ComboBox>
            <define>FWbitfi_FB_GPIO_GPIO22_Invert</define>
            <value>0</value>
            <dispValue>0</dispValue>
        </ComboBox>
        <ComboBox>
            <define>FWbitfi_FB_GPIO_GPIO22_res</define>
            <value>0</value>
            <dispValue>0</dispValue>
        </ComboBox>
        <ComboBox>
            <define>FWbitfi_FB_GPIO_GPIO22_Dir</define>
            <value>0</value>
            <dispValue>0</dispValue>
        </ComboBox>
        <ComboBox>
            <define>FWbitfi_FB_GPIO_GPIO22_Avail</define>
            <value>0</value>
            <dispValue>0</dispValue>
        </ComboBox>
        <DoubleSpinBox>
            <define>FWbitfi_FB_GPIO_GPIO23_PortIO</define>
            <value>0</value>
            <dispValue>0</dispValue>
        </DoubleSpinBox>
        <DoubleSpinBox>
            <define>FWbitfi_FB_GPIO_GPIO23_Port</define>
            <value>0</value>
            <dispValue>0</dispValue>
        </DoubleSpinBox>
        <ComboBox>
            <define>FWbitfi_FB_GPIO_GPIO23_Default</define>
            <value>0</value>
            <dispValue>0</dispValue>
        </ComboBox>
        <ComboBox>
            <define>FWbitfi_FB_GPIO_GPIO23_OD</define>
            <value>0</value>
            <dispValue>0</dispValue>
        </ComboBox>
        <ComboBox>
            <define>FWbitfi_FB_GPIO_GPIO23_Hys</define>
            <value>0</value>
            <dispValue>0</dispValue>
        </ComboBox>
        <ComboBox>
            <define>FWbitfi_FB_GPIO_GPIO23_Invert</define>
            <value>0</value>
            <dispValue>0</dispValue>
        </ComboBox>
        <ComboBox>
            <define>FWbitfi_FB_GPIO_GPIO23_res</define>
            <value>0</value>
            <dispValue>0</dispValue>
        </ComboBox>
        <ComboBox>
            <define>FWbitfi_FB_GPIO_GPIO23_Dir</define>
            <value>0</value>
            <dispValue>0</dispValue>
        </ComboBox>
        <ComboBox>
            <define>FWbitfi_FB_GPIO_GPIO23_Avail</define>
            <value>0</value>
            <dispValue>0</dispValue>
        </ComboBox>
        <DoubleSpinBox>
            <define>FWbitfi_FB_GPIO_GPIO24_PortIO</define>
            <value>0</value>
            <dispValue>0</dispValue>
        </DoubleSpinBox>
        <DoubleSpinBox>
            <define>FWbitfi_FB_GPIO_GPIO24_Port</define>
            <value>0</value>
            <dispValue>0</dispValue>
        </DoubleSpinBox>
        <ComboBox>
            <define>FWbitfi_FB_GPIO_GPIO24_Default</define>
            <value>0</value>
            <dispValue>0</dispValue>
        </ComboBox>
        <ComboBox>
            <define>FWbitfi_FB_GPIO_GPIO24_OD</define>
            <value>0</value>
            <dispValue>0</dispValue>
        </ComboBox>
        <ComboBox>
            <define>FWbitfi_FB_GPIO_GPIO24_Hys</define>
            <value>0</value>
            <dispValue>0</dispValue>
        </ComboBox>
        <ComboBox>
            <define>FWbitfi_FB_GPIO_GPIO24_Invert</define>
            <value>0</value>
            <dispValue>0</dispValue>
        </ComboBox>
        <ComboBox>
            <define>FWbitfi_FB_GPIO_GPIO24_res</define>
            <value>0</value>
            <dispValue>0</dispValue>
        </ComboBox>
        <ComboBox>
            <define>FWbitfi_FB_GPIO_GPIO24_Avail</define>
            <value>0</value>
            <dispValue>0</dispValue>
        </ComboBox>
        <DoubleSpinBox>
            <define>FWbitfi_FB_GPIO_GPIO25_PortIO</define>
            <value>0</value>
            <dispValue>0</dispValue>
        </DoubleSpinBox>
        <DoubleSpinBox>
            <define>FWbitfi_FB_GPIO_GPIO25_Port</define>
            <value>0</value>
            <dispValue>0</dispValue>
        </DoubleSpinBox>
        <ComboBox>
            <define>FWbitfi_FB_GPIO_GPIO25_Default</define>
            <value>0</value>
            <dispValue>0</dispValue>
        </ComboBox>
        <ComboBox>
            <define>FWbitfi_FB_GPIO_GPIO25_OD</define>
            <value>0</value>
            <dispValue>0</dispValue>
        </ComboBox>
        <ComboBox>
            <define>FWbitfi_FB_GPIO_GPIO25_Hys</define>
            <value>0</value>
            <dispValue>0</dispValue>
        </ComboBox>
        <ComboBox>
            <define>FWbitfi_FB_GPIO_GPIO25_Invert</define>
            <value>0</value>
            <dispValue>0</dispValue>
        </ComboBox>
        <ComboBox>
            <define>FWbitfi_FB_GPIO_GPIO25_res</define>
            <value>0</value>
            <dispValue>0</dispValue>
        </ComboBox>
        <ComboBox>
            <define>FWbitfi_FB_GPIO_GPIO25_Avail</define>
            <value>0</value>
            <dispValue>0</dispValue>
        </ComboBox>
        <DoubleSpinBox>
            <define>FWbitfi_FB_GPIO_GPIO26_PortIO</define>
            <value>0</value>
            <dispValue>0</dispValue>
        </DoubleSpinBox>
        <DoubleSpinBox>
            <define>FWbitfi_FB_GPIO_GPIO26_Port</define>
            <value>0</value>
            <dispValue>0</dispValue>
        </DoubleSpinBox>
        <ComboBox>
            <define>FWbitfi_FB_GPIO_GPIO26_Default</define>
            <value>0</value>
            <dispValue>0</dispValue>
        </ComboBox>
        <ComboBox>
            <define>FWbitfi_FB_GPIO_GPIO26_OD</define>
            <value>0</value>
            <dispValue>0</dispValue>
        </ComboBox>
        <ComboBox>
            <define>FWbitfi_FB_GPIO_GPIO26_Hys</define>
            <value>0</value>
            <dispValue>0</dispValue>
        </ComboBox>
        <ComboBox>
            <define>FWbitfi_FB_GPIO_GPIO26_Invert</define>
            <value>0</value>
            <dispValue>0</dispValue>
        </ComboBox>
        <ComboBox>
            <define>FWbitfi_FB_GPIO_GPIO26_res</define>
            <value>0</value>
            <dispValue>0</dispValue>
        </ComboBox>
        <ComboBox>
            <define>FWbitfi_FB_GPIO_GPIO26_Avail</define>
            <value>0</value>
            <dispValue>0</dispValue>
        </ComboBox>
        <DoubleSpinBox>
            <define>FWbitfi_FB_GPIO_GPIO27_PortIO</define>
            <value>0</value>
            <dispValue>0</dispValue>
        </DoubleSpinBox>
        <DoubleSpinBox>
            <define>FWbitfi_FB_GPIO_GPIO27_Port</define>
            <value>0</value>
            <dispValue>0</dispValue>
        </DoubleSpinBox>
        <ComboBox>
            <define>FWbitfi_FB_GPIO_GPIO27_Default</define>
            <value>0</value>
            <dispValue>0</dispValue>
        </ComboBox>
        <ComboBox>
            <define>FWbitfi_FB_GPIO_GPIO27_OD</define>
            <value>0</value>
            <dispValue>0</dispValue>
        </ComboBox>
        <ComboBox>
            <define>FWbitfi_FB_GPIO_GPIO27_Hys</define>
            <value>0</value>
            <dispValue>0</dispValue>
        </ComboBox>
        <ComboBox>
            <define>FWbitfi_FB_GPIO_GPIO27_Invert</define>
            <value>0</value>
            <dispValue>0</dispValue>
        </ComboBox>
        <ComboBox>
            <define>FWbitfi_FB_GPIO_GPIO27_res</define>
            <value>0</value>
            <dispValue>0</dispValue>
        </ComboBox>
        <ComboBox>
            <define>FWbitfi_FB_GPIO_GPIO27_Avail</define>
            <value>0</value>
            <dispValue>0</dispValue>
        </ComboBox>
        <DoubleSpinBox>
            <define>FWbitfi_FB_GPIO_GPIO28_PortIO</define>
            <value>0</value>
            <dispValue>0</dispValue>
        </DoubleSpinBox>
        <DoubleSpinBox>
            <define>FWbitfi_FB_GPIO_GPIO28_Port</define>
            <value>0</value>
            <dispValue>0</dispValue>
        </DoubleSpinBox>
        <ComboBox>
            <define>FWbitfi_FB_GPIO_GPIO28_Default</define>
            <value>0</value>
            <dispValue>0</dispValue>
        </ComboBox>
        <ComboBox>
            <define>FWbitfi_FB_GPIO_GPIO28_OD</define>
            <value>0</value>
            <dispValue>0</dispValue>
        </ComboBox>
        <ComboBox>
            <define>FWbitfi_FB_GPIO_GPIO28_Hys</define>
            <value>0</value>
            <dispValue>0</dispValue>
        </ComboBox>
        <ComboBox>
            <define>FWbitfi_FB_GPIO_GPIO28_Invert</define>
            <value>0</value>
            <dispValue>0</dispValue>
        </ComboBox>
        <ComboBox>
            <define>FWbitfi_FB_GPIO_GPIO28_res</define>
            <value>0</value>
            <dispValue>0</dispValue>
        </ComboBox>
        <ComboBox>
            <define>FWbitfi_FB_GPIO_GPIO28_Dir</define>
            <value>0</value>
            <dispValue>0</dispValue>
        </ComboBox>
        <ComboBox>
            <define>FWbitfi_FB_GPIO_GPIO28_Avail</define>
            <value>0</value>
            <dispValue>0</dispValue>
        </ComboBox>
        <ComboBox>
            <define>FWbitfi_FB_GPIO_GPIO29_OD</define>
            <value>0</value>
            <dispValue>0</dispValue>
        </ComboBox>
        <ComboBox>
            <define>FWbitfi_FB_GPIO_GPIO29_Hys</define>
            <value>0</value>
            <dispValue>0</dispValue>
        </ComboBox>
        <ComboBox>
            <define>FWbitfi_FB_GPIO_GPIO29_Invert</define>
            <value>0</value>
            <dispValue>0</dispValue>
        </ComboBox>
        <TextEdit>
            <define>txtWindowFB_GPIOBottom</define>
            <value>&lt;!DOCTYPE HTML PUBLIC &quot;-//W3C//DTD HTML 4.0//EN&quot; &quot;http://www.w3.org/TR/REC-html40/strict.dtd&quot;&gt;
&lt;html&gt;&lt;head&gt;&lt;meta name=&quot;qrichtext&quot; content=&quot;1&quot; /&gt;&lt;style type=&quot;text/css&quot;&gt;
p, li { white-space: pre-wrap; }
&lt;/style&gt;&lt;/head&gt;&lt;body style=&quot;  font-size:8pt; font-weight:400; font-style:normal;&quot;&gt;
&lt;p style=&quot;-qt-paragraph-type:empty; margin-top:0px; margin-bottom:0px; margin-left:0px; margin-right:0px; -qt-block-indent:0; text-indent:0px;&quot;&gt;&lt;br /&gt;&lt;/p&gt;&lt;/body&gt;&lt;/html&gt;</value>
            <dispValue></dispValue>
        </TextEdit>
        <DoubleSpinBox>
            <define>FWbitfi_FB_GPIO_GPIO1_PortIO</define>
            <value>9</value>
            <dispValue>9</dispValue>
        </DoubleSpinBox>
        <DoubleSpinBox>
            <define>FWbitfi_FB_GPIO_GPIO2_PortIO</define>
            <value>1</value>
            <dispValue>1</dispValue>
        </DoubleSpinBox>
        <DoubleSpinBox>
            <define>FWbitfi_FB_GPIO_GPIO2_Port</define>
            <value>4</value>
            <dispValue>4</dispValue>
        </DoubleSpinBox>
        <DoubleSpinBox>
            <define>FWbitfi_FB_GPIO_GPIO3_PortIO</define>
            <value>2</value>
            <dispValue>2</dispValue>
        </DoubleSpinBox>
        <DoubleSpinBox>
            <define>FWbitfi_FB_GPIO_GPIO3_Port</define>
            <value>4</value>
            <dispValue>4</dispValue>
        </DoubleSpinBox>
        <DoubleSpinBox>
            <define>FWbitfi_FB_GPIO_GPIO4_PortIO</define>
            <value>3</value>
            <dispValue>3</dispValue>
        </DoubleSpinBox>
        <DoubleSpinBox>
            <define>FWbitfi_FB_GPIO_GPIO4_Port</define>
            <value>4</value>
            <dispValue>4</dispValue>
        </DoubleSpinBox>
        <DoubleSpinBox>
            <define>FWbitfi_FB_GPIO_GPIO6_PortIO</define>
            <value>8</value>
            <dispValue>8</dispValue>
        </DoubleSpinBox>
        <DoubleSpinBox>
            <define>FWbitfi_FB_GPIO_GPIO7_PortIO</define>
            <value>10</value>
            <dispValue>10</dispValue>
        </DoubleSpinBox>
        <DoubleSpinBox>
            <define>FWbitfi_FB_GPIO_GPIO7_Port</define>
            <value>2</value>
            <dispValue>2</dispValue>
        </DoubleSpinBox>
        <DoubleSpinBox>
            <define>FWbitfi_FB_GPIO_GPIO8_PortIO</define>
            <value>9</value>
            <dispValue>9</dispValue>
        </DoubleSpinBox>
        <DoubleSpinBox>
            <define>FWbitfi_FB_GPIO_GPIO8_Port</define>
            <value>2</value>
            <dispValue>2</dispValue>
        </DoubleSpinBox>
        <DoubleSpinBox>
            <define>FWbitfi_FB_GPIO_GPIO9_PortIO</define>
            <value>12</value>
            <dispValue>12</dispValue>
        </DoubleSpinBox>
        <DoubleSpinBox>
            <define>FWbitfi_FB_GPIO_GPIO9_Port</define>
            <value>2</value>
            <dispValue>2</dispValue>
        </DoubleSpinBox>
        <DoubleSpinBox>
            <define>FWbitfi_FB_GPIO_GPIO10_PortIO</define>
            <value>13</value>
            <dispValue>13</dispValue>
        </DoubleSpinBox>
        <DoubleSpinBox>
            <define>FWbitfi_FB_GPIO_GPIO10_Port</define>
            <value>2</value>
            <dispValue>2</dispValue>
        </DoubleSpinBox>
        <DoubleSpinBox>
            <define>FWbitfi_FB_GPIO_GPIO29_PortIO</define>
            <value>8</value>
            <dispValue>8</dispValue>
        </DoubleSpinBox>
        <DoubleSpinBox>
            <define>FWbitfi_FB_GPIO_GPIO29_Port</define>
            <value>1</value>
            <dispValue>1</dispValue>
        </DoubleSpinBox>
        <DoubleSpinBox>
            <define>FWbitfi_FB_ADC_AIN0_Channel</define>
            <value>5</value>
            <dispValue>5</dispValue>
        </DoubleSpinBox>
        <HexSpinBox>
            <define>FWparamCounts_FB_ADC_AIN0</define>
            <value>5</value>
            <dispValue>5</dispValue>
        </HexSpinBox>
        <DoubleSpinBox>
            <define>FWbitfi_FB_ADC_AIN1_Channel</define>
            <value>6</value>
            <dispValue>6</dispValue>
        </DoubleSpinBox>
        <HexSpinBox>
            <define>FWparamCounts_FB_ADC_AIN1</define>
            <value>6</value>
            <dispValue>6</dispValue>
        </HexSpinBox>
        <DoubleSpinBox>
            <define>FWbitfi_FB_ADC_AIN2_Channel</define>
            <value>7</value>
            <dispValue>7</dispValue>
        </DoubleSpinBox>
        <HexSpinBox>
            <define>FWparamCounts_FB_ADC_AIN2</define>
            <value>7</value>
            <dispValue>7</dispValue>
        </HexSpinBox>
        <DoubleSpinBox>
            <define>FWbitfi_FB_ADC_AIN3_Channel</define>
            <value>5</value>
            <dispValue>5</dispValue>
        </DoubleSpinBox>
        <DoubleSpinBox>
            <define>FWbitfi_FB_ADC_AIN4_Channel</define>
            <value>6</value>
            <dispValue>6</dispValue>
        </DoubleSpinBox>
        <DoubleSpinBox>
            <define>FWbitfi_FB_ADC_AIN5_Channel</define>
            <value>7</value>
            <dispValue>7</dispValue>
        </DoubleSpinBox>
        <DoubleSpinBox>
            <define>FWbitfi_FB_ADC_AIN6_Channel</define>
            <value>1</value>
            <dispValue>1</dispValue>
        </DoubleSpinBox>
        <HexSpinBox>
            <define>FWparamCounts_FB_ADC_AIN6</define>
            <value>1</value>
            <dispValue>1</dispValue>
        </HexSpinBox>
        <DoubleSpinBox>
            <define>FWbitfi_FB_ADC_AIN7_Channel</define>
            <value>1</value>
            <dispValue>1</dispValue>
        </DoubleSpinBox>
        <DoubleSpinBox>
            <define>FWbitfi_FB_ADC_AIN8_Channel</define>
            <value>1</value>
            <dispValue>1</dispValue>
        </DoubleSpinBox>
        <HexSpinBox>
            <define>FWparamCounts_FB_ADC_AIN8</define>
            <value>1</value>
            <dispValue>1</dispValue>
        </HexSpinBox>
        <DoubleSpinBox>
            <define>FWbitfi_FB_ADC_AIN9_Channel</define>
            <value>2</value>
            <dispValue>2</dispValue>
        </DoubleSpinBox>
        <HexSpinBox>
            <define>FWparamCounts_FB_ADC_AIN9</define>
            <value>2</value>
            <dispValue>2</dispValue>
        </HexSpinBox>
        <DoubleSpinBox>
            <define>FWbitfi_FB_ADC_AIN10_Channel</define>
            <value>3</value>
            <dispValue>3</dispValue>
        </DoubleSpinBox>
        <HexSpinBox>
            <define>FWparamCounts_FB_ADC_AIN10</define>
            <value>3</value>
            <dispValue>3</dispValue>
        </HexSpinBox>
        <DoubleSpinBox>
            <define>FWbitfi_FB_ADC_AIN11_Channel</define>
            <value>3</value>
            <dispValue>3</dispValue>
        </DoubleSpinBox>
        <DoubleSpinBox>
            <define>FWbitfi_FB_ADC_AIN3_Group</define>
            <value>1</value>
            <dispValue>1</dispValue>
        </DoubleSpinBox>
        <HexSpinBox>
            <define>FWparamCounts_FB_ADC_AIN3</define>
            <value>21</value>
            <dispValue>21</dispValue>
        </HexSpinBox>
        <DoubleSpinBox>
            <define>FWbitfi_FB_ADC_AIN4_Group</define>
            <value>1</value>
            <dispValue>1</dispValue>
        </DoubleSpinBox>
        <HexSpinBox>
            <define>FWparamCounts_FB_ADC_AIN4</define>
            <value>22</value>
            <dispValue>22</dispValue>
        </HexSpinBox>
        <DoubleSpinBox>
            <define>FWbitfi_FB_ADC_AIN5_Group</define>
            <value>1</value>
            <dispValue>1</dispValue>
        </DoubleSpinBox>
        <HexSpinBox>
            <define>FWparamCounts_FB_ADC_AIN5</define>
            <value>23</value>
            <dispValue>23</dispValue>
        </HexSpinBox>
        <DoubleSpinBox>
            <define>FWbitfi_FB_ADC_AIN7_Group</define>
            <value>1</value>
            <dispValue>1</dispValue>
        </DoubleSpinBox>
        <HexSpinBox>
            <define>FWparamCounts_FB_ADC_AIN7</define>
            <value>17</value>
            <dispValue>17</dispValue>
        </HexSpinBox>
        <DoubleSpinBox>
            <define>FWbitfi_FB_ADC_AIN11_Group</define>
            <value>1</value>
            <dispValue>1</dispValue>
        </DoubleSpinBox>
        <HexSpinBox>
            <define>FWparamCounts_FB_ADC_AIN11</define>
            <value>19</value>
            <dispValue>19</dispValue>
        </HexSpinBox>
        <ComboBox>
            <define>FWbitfi_FB_GPIO_GPIO0_Default</define>
            <value>1</value>
            <dispValue>1</dispValue>
        </ComboBox>
        <ComboBox>
            <define>FWbitfi_FB_GPIO_GPIO1_Default</define>
            <value>1</value>
            <dispValue>1</dispValue>
        </ComboBox>
        <ComboBox>
            <define>FWbitfi_FB_GPIO_GPIO29_Default</define>
            <value>1</value>
            <dispValue>1</dispValue>
        </ComboBox>
        <HexSpinBox>
            <define>FWparamCounts_FB_GPIO_GPIO2</define>
            <value>1089</value>
            <dispValue>1089</dispValue>
        </HexSpinBox>
        <ComboBox>
            <define>FWbitfi_FB_GPIO_GPIO2_Pull</define>
            <value>1</value>
            <dispValue>1</dispValue>
        </ComboBox>
        <HexSpinBox>
            <define>FWparamCounts_FB_GPIO_GPIO3</define>
            <value>1090</value>
            <dispValue>1090</dispValue>
        </HexSpinBox>
        <ComboBox>
            <define>FWbitfi_FB_GPIO_GPIO3_Pull</define>
            <value>1</value>
            <dispValue>1</dispValue>
        </ComboBox>
        <HexSpinBox>
            <define>FWparamCounts_FB_GPIO_GPIO4</define>
            <value>1091</value>
            <dispValue>1091</dispValue>
        </HexSpinBox>
        <ComboBox>
            <define>FWbitfi_FB_GPIO_GPIO4_Pull</define>
            <value>1</value>
            <dispValue>1</dispValue>
        </ComboBox>
        <HexSpinBox>
            <define>FWparamCounts_FB_GPIO_GPIO5</define>
            <value>1024</value>
            <dispValue>1024</dispValue>
        </HexSpinBox>
        <ComboBox>
            <define>FWbitfi_FB_GPIO_GPIO5_Pull</define>
            <value>1</value>
            <dispValue>1</dispValue>
        </ComboBox>
        <ComboBox>
            <define>FWbitfi_FB_GPIO_GPIO6_Pull</define>
            <value>1</value>
            <dispValue>1</dispValue>
        </ComboBox>
        <HexSpinBox>
            <define>FWparamCounts_FB_GPIO_GPIO7</define>
            <value>1066</value>
            <dispValue>1066</dispValue>
        </HexSpinBox>
        <ComboBox>
            <define>FWbitfi_FB_GPIO_GPIO7_Pull</define>
            <value>1</value>
            <dispValue>1</dispValue>
        </ComboBox>
        <HexSpinBox>
            <define>FWparamCounts_FB_GPIO_GPIO8</define>
            <value>1065</value>
            <dispValue>1065</dispValue>
        </HexSpinBox>
        <ComboBox>
            <define>FWbitfi_FB_GPIO_GPIO8_Pull</define>
            <value>1</value>
            <dispValue>1</dispValue>
        </ComboBox>
        <ComboBox>
            <define>FWbitfi_FB_GPIO_GPIO9_Pull</define>
            <value>1</value>
            <dispValue>1</dispValue>
        </ComboBox>
        <ComboBox>
            <define>FWbitfi_FB_GPIO_GPIO10_Pull</define>
            <value>1</value>
            <dispValue>1</dispValue>
        </ComboBox>
        <HexSpinBox>
            <define>FWparamCounts_FB_GPIO_GPIO11</define>
            <value>1024</value>
            <dispValue>1024</dispValue>
        </HexSpinBox>
        <ComboBox>
            <define>FWbitfi_FB_GPIO_GPIO11_Pull</define>
            <value>1</value>
            <dispValue>1</dispValue>
        </ComboBox>
        <HexSpinBox>
            <define>FWparamCounts_FB_GPIO_GPIO12</define>
            <value>1024</value>
            <dispValue>1024</dispValue>
        </HexSpinBox>
        <ComboBox>
            <define>FWbitfi_FB_GPIO_GPIO12_Pull</define>
            <value>1</value>
            <dispValue>1</dispValue>
        </ComboBox>
        <HexSpinBox>
            <define>FWparamCounts_FB_GPIO_GPIO13</define>
            <value>1024</value>
            <dispValue>1024</dispValue>
        </HexSpinBox>
        <ComboBox>
            <define>FWbitfi_FB_GPIO_GPIO13_Pull</define>
            <value>1</value>
            <dispValue>1</dispValue>
        </ComboBox>
        <HexSpinBox>
            <define>FWparamCounts_FB_GPIO_GPIO14</define>
            <value>1024</value>
            <dispValue>1024</dispValue>
        </HexSpinBox>
        <ComboBox>
            <define>FWbitfi_FB_GPIO_GPIO14_Pull</define>
            <value>1</value>
            <dispValue>1</dispValue>
        </ComboBox>
        <HexSpinBox>
            <define>FWparamCounts_FB_GPIO_GPIO15</define>
            <value>1024</value>
            <dispValue>1024</dispValue>
        </HexSpinBox>
        <ComboBox>
            <define>FWbitfi_FB_GPIO_GPIO15_Pull</define>
            <value>1</value>
            <dispValue>1</dispValue>
        </ComboBox>
        <HexSpinBox>
            <define>FWparamCounts_FB_GPIO_GPIO16</define>
            <value>1024</value>
            <dispValue>1024</dispValue>
        </HexSpinBox>
        <ComboBox>
            <define>FWbitfi_FB_GPIO_GPIO16_Pull</define>
            <value>1</value>
            <dispValue>1</dispValue>
        </ComboBox>
        <HexSpinBox>
            <define>FWparamCounts_FB_GPIO_GPIO17</define>
            <value>1024</value>
            <dispValue>1024</dispValue>
        </HexSpinBox>
        <ComboBox>
            <define>FWbitfi_FB_GPIO_GPIO17_Pull</define>
            <value>1</value>
            <dispValue>1</dispValue>
        </ComboBox>
        <HexSpinBox>
            <define>FWparamCounts_FB_GPIO_GPIO18</define>
            <value>1024</value>
            <dispValue>1024</dispValue>
        </HexSpinBox>
        <ComboBox>
            <define>FWbitfi_FB_GPIO_GPIO18_Pull</define>
            <value>1</value>
            <dispValue>1</dispValue>
        </ComboBox>
        <HexSpinBox>
            <define>FWparamCounts_FB_GPIO_GPIO19</define>
            <value>1024</value>
            <dispValue>1024</dispValue>
        </HexSpinBox>
        <ComboBox>
            <define>FWbitfi_FB_GPIO_GPIO19_Pull</define>
            <value>1</value>
            <dispValue>1</dispValue>
        </ComboBox>
        <HexSpinBox>
            <define>FWparamCounts_FB_GPIO_GPIO20</define>
            <value>1024</value>
            <dispValue>1024</dispValue>
        </HexSpinBox>
        <ComboBox>
            <define>FWbitfi_FB_GPIO_GPIO20_Pull</define>
            <value>1</value>
            <dispValue>1</dispValue>
        </ComboBox>
        <HexSpinBox>
            <define>FWparamCounts_FB_GPIO_GPIO21</define>
            <value>1024</value>
            <dispValue>1024</dispValue>
        </HexSpinBox>
        <ComboBox>
            <define>FWbitfi_FB_GPIO_GPIO21_Pull</define>
            <value>1</value>
            <dispValue>1</dispValue>
        </ComboBox>
        <HexSpinBox>
            <define>FWparamCounts_FB_GPIO_GPIO22</define>
            <value>1024</value>
            <dispValue>1024</dispValue>
        </HexSpinBox>
        <ComboBox>
            <define>FWbitfi_FB_GPIO_GPIO22_Pull</define>
            <value>1</value>
            <dispValue>1</dispValue>
        </ComboBox>
        <HexSpinBox>
            <define>FWparamCounts_FB_GPIO_GPIO23</define>
            <value>1024</value>
            <dispValue>1024</dispValue>
        </HexSpinBox>
        <ComboBox>
            <define>FWbitfi_FB_GPIO_GPIO23_Pull</define>
            <value>1</value>
            <dispValue>1</dispValue>
        </ComboBox>
        <ComboBox>
            <define>FWbitfi_FB_GPIO_GPIO24_Pull</define>
            <value>1</value>
            <dispValue>1</dispValue>
        </ComboBox>
        <ComboBox>
            <define>FWbitfi_FB_GPIO_GPIO25_Pull</define>
            <value>1</value>
            <dispValue>1</dispValue>
        </ComboBox>
        <ComboBox>
            <define>FWbitfi_FB_GPIO_GPIO26_Pull</define>
            <value>1</value>
            <dispValue>1</dispValue>
        </ComboBox>
        <ComboBox>
            <define>FWbitfi_FB_GPIO_GPIO27_Pull</define>
            <value>1</value>
            <dispValue>1</dispValue>
        </ComboBox>
        <HexSpinBox>
            <define>FWparamCounts_FB_GPIO_GPIO28</define>
            <value>1024</value>
            <dispValue>1024</dispValue>
        </HexSpinBox>
        <ComboBox>
            <define>FWbitfi_FB_GPIO_GPIO28_Pull</define>
            <value>1</value>
            <dispValue>1</dispValue>
        </ComboBox>
        <ComboBox>
            <define>FWbitfi_FB_GPIO_GPIO29_Pull</define>
            <value>1</value>
            <dispValue>1</dispValue>
        </ComboBox>
        <ComboBox>
            <define>FWbitfi_FB_GPIO_GPIO0_Invert</define>
            <value>1</value>
            <dispValue>1</dispValue>
        </ComboBox>
        <HexSpinBox>
            <define>FWparamCounts_FB_GPIO_GPIO1</define>
            <value>4233</value>
            <dispValue>4233</dispValue>
        </HexSpinBox>
        <ComboBox>
            <define>FWbitfi_FB_GPIO_GPIO1_Invert</define>
            <value>1</value>
            <dispValue>1</dispValue>
        </ComboBox>
        <ComboBox>
            <define>FWbitfi_FB_GPIO_GPIO0_res</define>
            <value>1</value>
            <dispValue>1</dispValue>
        </ComboBox>
        <ComboBox>
            <define>FWbitfi_FB_GPIO_GPIO29_res</define>
            <value>1</value>
            <dispValue>1</dispValue>
        </ComboBox>
        <HexSpinBox>
            <define>FWparamCounts_FB_GPIO_GPIO0</define>
            <value>28800</value>
            <dispValue>28800</dispValue>
        </HexSpinBox>
        <ComboBox>
            <define>FWbitfi_FB_GPIO_GPIO0_Dir</define>
            <value>1</value>
            <dispValue>1</dispValue>
        </ComboBox>
        <HexSpinBox>
            <define>FWparamCounts_FB_GPIO_GPIO24</define>
            <value>17408</value>
            <dispValue>17408</dispValue>
        </HexSpinBox>
        <ComboBox>
            <define>FWbitfi_FB_GPIO_GPIO24_Dir</define>
            <value>1</value>
            <dispValue>1</dispValue>
        </ComboBox>
        <HexSpinBox>
            <define>FWparamCounts_FB_GPIO_GPIO25</define>
            <value>17408</value>
            <dispValue>17408</dispValue>
        </HexSpinBox>
        <ComboBox>
            <define>FWbitfi_FB_GPIO_GPIO25_Dir</define>
            <value>1</value>
            <dispValue>1</dispValue>
        </ComboBox>
        <HexSpinBox>
            <define>FWparamCounts_FB_GPIO_GPIO26</define>
            <value>17408</value>
            <dispValue>17408</dispValue>
        </HexSpinBox>
        <ComboBox>
            <define>FWbitfi_FB_GPIO_GPIO26_Dir</define>
            <value>1</value>
            <dispValue>1</dispValue>
        </ComboBox>
        <HexSpinBox>
            <define>FWparamCounts_FB_GPIO_GPIO27</define>
            <value>17408</value>
            <dispValue>17408</dispValue>
        </HexSpinBox>
        <ComboBox>
            <define>FWbitfi_FB_GPIO_GPIO27_Dir</define>
            <value>1</value>
            <dispValue>1</dispValue>
        </ComboBox>
        <ComboBox>
            <define>FWbitfi_FB_GPIO_GPIO29_Dir</define>
            <value>1</value>
            <dispValue>1</dispValue>
        </ComboBox>
        <HexSpinBox>
            <define>FWparamCounts_FB_GPIO_GPIO29</define>
            <value>58520</value>
            <dispValue>58520</dispValue>
        </HexSpinBox>
        <ComboBox>
            <define>FWbitfi_FB_GPIO_GPIO29_Avail</define>
            <value>1</value>
            <dispValue>1</dispValue>
        </ComboBox>
        <HexSpinBox>
            <define>FWparamCounts_mceos_SysTaskConfig</define>
            <value>61</value>
            <dispValue>61</dispValue>
        </HexSpinBox>
        <ComboBox>
            <define>FWbitfi_mceos_ParSetConf_ParSetSelect</define>
            <value>1</value>
            <dispValue>1</dispValue>
        </ComboBox>
        <ComboBox>
            <define>FWbitfi_mceos_UARTConf_UART_COMsel</define>
            <value>1</value>
            <dispValue>1</dispValue>
        </ComboBox>
        <HexSpinBox>
            <define>FWparamCounts_mceos_UARTConf</define>
            <value>9</value>
            <dispValue>9</dispValue>
        </HexSpinBox>
        <ComboBox>
            <define>FWbitfi_mceos_UARTConf_UART_protocol</define>
            <value>1</value>
            <dispValue>1</dispValue>
        </ComboBox>
        <ComboBox>
            <define>FWbitfi_mceos_GKConf_CMP0_EN</define>
            <value>1</value>
            <dispValue>1</dispValue>
        </ComboBox>
        <ComboBox>
            <define>FWbitfi_mceos_GKConf_CMP1_EN</define>
            <value>1</value>
            <dispValue>1</dispValue>
        </ComboBox>
        <ComboBox>
            <define>FWbitfi_mceos_GKConf_CMP2_EN</define>
            <value>1</value>
            <dispValue>1</dispValue>
        </ComboBox>
        <HexSpinBox>
            <define>FWparamCounts_mceos_GKConf</define>
            <value>4388</value>
            <dispValue>4388</dispValue>
        </HexSpinBox>
        <ComboBox>
            <define>FWbitfi_mceos_GKConf_GKPIN0_EN</define>
            <value>1</value>
            <dispValue>1</dispValue>
        </ComboBox>
        <DoubleSpinBox>
            <define>FWparam_mceos_DACout0</define>
            <value>1489</value>
            <dispValue>1489.0000</dispValue>
        </DoubleSpinBox>
        <HexSpinBox>
            <define>FWparamCounts_mceos_DACout0</define>
            <value>1489</value>
            <dispValue>1489</dispValue>
        </HexSpinBox>
        <DoubleSpinBox>
            <define>FWparam_mceos_UARTBaudrate</define>
            <value>11500</value>
            <dispValue>11500.0000</dispValue>
        </DoubleSpinBox>
        <HexSpinBox>
            <define>FWparamCounts_mceos_UARTBaudrate</define>
            <value>11500</value>
            <dispValue>11500</dispValue>
        </HexSpinBox>
        <HexSpinBox>
            <define>FWparamCounts_mceos_JCOMConf</define>
            <value>16</value>
            <dispValue>16</dispValue>
        </HexSpinBox>
        <ComboBox>
            <define>FWbitfi_mceos_JCOMConf_JCOM_COMsel</define>
            <value>2</value>
            <dispValue>2</dispValue>
        </ComboBox>
        <DoubleSpinBox>
            <define>FWbitfi_mceos_ParSetConf_ParSetVPP</define>
            <value>3</value>
            <dispValue>3</dispValue>
        </DoubleSpinBox>
        <HexSpinBox>
            <define>FWparamCounts_mceos_ParSetConf</define>
            <value>3073</value>
            <dispValue>3073</dispValue>
        </HexSpinBox>
        <DoubleSpinBox>
            <define>FWparam_mceos_StandbyPauseTimeout</define>
            <value>1</value>
            <dispValue>1.000</dispValue>
        </DoubleSpinBox>
        <HexSpinBox>
            <define>FWparamCounts_mceos_StandbyPauseTimeout</define>
            <value>1000</value>
            <dispValue>1000</dispValue>
        </HexSpinBox>
        <DoubleSpinBox>
            <define>FWbitfi_mceos_FS_feature_UART</define>
            <value>1</value>
            <dispValue>1</dispValue>
        </DoubleSpinBox>
        <HexSpinBox>
            <define>FWparamCounts_mceos_FS_feature</define>
            <value>2</value>
            <dispValue>2</dispValue>
        </HexSpinBox>
        <HexSpinBox>
            <define>FWparamCounts_FB_GPIO_GPIO6</define>
            <value>1032</value>
            <dispValue>1032</dispValue>
        </HexSpinBox>
        <ComboBox>
            <define>FWbitfi_FB_GPIO_GPIO6_Avail</define>
            <value>0</value>
            <dispValue>0</dispValue>
        </ComboBox>
        <HexSpinBox>
            <define>FWparamCounts_FB_GPIO_GPIO9</define>
            <value>1068</value>
            <dispValue>1068</dispValue>
        </HexSpinBox>
        <ComboBox>
            <define>FWbitfi_FB_GPIO_GPIO9_Avail</define>
            <value>0</value>
            <dispValue>0</dispValue>
        </ComboBox>
        <HexSpinBox>
            <define>FWparamCounts_FB_GPIO_GPIO10</define>
            <value>1069</value>
            <dispValue>1069</dispValue>
        </HexSpinBox>
        <ComboBox>
            <define>FWbitfi_FB_GPIO_GPIO10_Avail</define>
            <value>0</value>
            <dispValue>0</dispValue>
        </ComboBox>
    </ActiveElements>
</icwpxml>