10:25:06.504696 AM  [                   Common-main                    ] -  DEBUG  -: 
--------------------------* OPENING 			 						
--------------------------* DATE = 2025 :11: 04 
--------------------------* PATH = C:/Users/urmin/Desktop/MOTOR/MOTOR/settings/cw_data/cw_main.log 
--------------------------* domain-instace =                    Common-main                    
10:25:06.504696 AM  [                   Common-main                    ] -  DEBUG  -: PrintClass.Mode is  =  {'DEBUG': 0, 'INFO': 1, 'ERROR': 0, 'WARNING': 0}
03:09:54.525265 PM  [                   Common-main                    ] -  DEBUG  -: 
--------------------------* OPENING 			 						
--------------------------* DATE = 2025 :11: 04 
--------------------------* PATH = C:/Users/urmin/Desktop/MOTOR/MOTOR/settings/cw_data/cw_main.log 
--------------------------* domain-instace =                    Common-main                    
03:09:54.525265 PM  [                   Common-main                    ] -  DEBUG  -: PrintClass.Mode is  =  {'DEBUG': 0, 'INFO': 1, 'ERROR': 0, 'WARNING': 0}
10:33:03.956490 PM  [                   Common-main                    ] -  DEBUG  -: 
--------------------------* OPENING 			 						
--------------------------* DATE = 2025 :11: 14 
--------------------------* PATH = C:/Users/mathe/Downloads/MOTOR2/MOTOR/settings/cw_data/cw_main.log 
--------------------------* domain-instace =                    Common-main                    
10:33:03.956490 PM  [                   Common-main                    ] -  DEBUG  -: PrintClass.Mode is  =  {'DEBUG': 0, 'INFO': 1, 'ERROR': 0, 'WARNING': 0}
10:36:16.227035 PM  [                   Common-main                    ] -  DEBUG  -: 
--------------------------* OPENING 			 						
--------------------------* DATE = 2025 :11: 14 
--------------------------* PATH = C:/Users/mathe/Downloads/MOTOR2/MOTOR/settings/cw_data/cw_main.log 
--------------------------* domain-instace =                    Common-main                    
10:36:16.227035 PM  [                   Common-main                    ] -  DEBUG  -: PrintClass.Mode is  =  {'DEBUG': 0, 'INFO': 1, 'ERROR': 0, 'WARNING': 0}
02:11:26.758550 PM  [                   Common-main                    ] -  DEBUG  -: 
--------------------------* OPENING 			 						
--------------------------* DATE = 2025 :11: 25 
--------------------------* PATH = C:/Users/mathe/Downloads/MOTOR2/MOTOR/settings/cw_data/cw_main.log 
--------------------------* domain-instace =                    Common-main                    
02:11:26.758550 PM  [                   Common-main                    ] -  DEBUG  -: PrintClass.Mode is  =  {'DEBUG': 0, 'INFO': 1, 'ERROR': 0, 'WARNING': 0}
09:48:27.408200 PM  [                   Common-main                    ] -  DEBUG  -: 
--------------------------* OPENING 			 						
--------------------------* DATE = 2025 :12: 07 
--------------------------* PATH = C:/Users/mathe/Downloads/MOTOR2/MOTOR/settings/cw_data/cw_main.log 
--------------------------* domain-instace =                    Common-main                    
09:48:27.408200 PM  [                   Common-main                    ] -  DEBUG  -: PrintClass.Mode is  =  {'DEBUG': 0, 'INFO': 1, 'ERROR': 0, 'WARNING': 0}
09:52:21.585728 PM  [                   Common-main                    ] -  DEBUG  -: 
--------------------------* OPENING 			 						
--------------------------* DATE = 2025 :12: 07 
--------------------------* PATH = C:/Users/mathe/Downloads/MOTOR2/MOTOR/settings/cw_data/cw_main.log 
--------------------------* domain-instace =                    Common-main                    
09:52:21.585728 PM  [                   Common-main                    ] -  DEBUG  -: PrintClass.Mode is  =  {'DEBUG': 0, 'INFO': 1, 'ERROR': 0, 'WARNING': 0}
09:54:56.089395 AM  [                   Common-main                    ] -  DEBUG  -: 
--------------------------* OPENING 			 						
--------------------------* DATE = 2025 :12: 08 
--------------------------* PATH = C:/Users/mathe/Downloads/MOTOR2/MOTOR/settings/cw_data/cw_main.log 
--------------------------* domain-instace =                    Common-main                    
09:54:56.089395 AM  [                   Common-main                    ] -  DEBUG  -: PrintClass.Mode is  =  {'DEBUG': 0, 'INFO': 1, 'ERROR': 0, 'WARNING': 0}
10:35:20.302449 PM  [                   Common-main                    ] -  DEBUG  -: 
--------------------------* OPENING 			 						
--------------------------* DATE = 2025 :12: 22 
--------------------------* PATH = C:/Users/mathe/Downloads/MOTOR2/MOTOR/settings/cw_data/cw_main.log 
--------------------------* domain-instace =                    Common-main                    
10:35:20.302449 PM  [                   Common-main                    ] -  DEBUG  -: PrintClass.Mode is  =  {'DEBUG': 0, 'INFO': 1, 'ERROR': 0, 'WARNING': 0}
12:08:36.684093 PM  [                   Common-main                    ] -  DEBUG  -: 
--------------------------* OPENING 			 						
--------------------------* DATE = 2025 :12: 29 
--------------------------* PATH = C:/Users/mathe/Downloads/MOTOR2/MOTOR/settings/cw_data/cw_main.log 
--------------------------* domain-instace =                    Common-main                    
12:08:36.684093 PM  [                   Common-main                    ] -  DEBUG  -: PrintClass.Mode is  =  {'DEBUG': 0, 'INFO': 1, 'ERROR': 0, 'WARNING': 0}
12:50:57.468120 PM  [                   Common-main                    ] -  DEBUG  -: 
--------------------------* OPENING 			 						
--------------------------* DATE = 2025 :12: 29 
--------------------------* PATH = C:/Users/mathe/Downloads/MOTOR2/MOTOR/settings/cw_data/cw_main.log 
--------------------------* domain-instace =                    Common-main                    
12:50:57.468120 PM  [                   Common-main                    ] -  DEBUG  -: PrintClass.Mode is  =  {'DEBUG': 0, 'INFO': 1, 'ERROR': 0, 'WARNING': 0}
01:15:06.452690 PM  [                   Common-main                    ] -  DEBUG  -: 
--------------------------* OPENING 			 						
--------------------------* DATE = 2025 :12: 29 
--------------------------* PATH = C:/Users/mathe/Downloads/MOTOR2/MOTOR/settings/cw_data/cw_main.log 
--------------------------* domain-instace =                    Common-main                    
01:15:06.452690 PM  [                   Common-main                    ] -  DEBUG  -: PrintClass.Mode is  =  {'DEBUG': 0, 'INFO': 1, 'ERROR': 0, 'WARNING': 0}
11:19:34.312950 AM  [                   Common-main                    ] -  DEBUG  -: 
--------------------------* OPENING 			 						
--------------------------* DATE = 2026 :01: 02 
--------------------------* PATH = C:/Users/mathe/Downloads/MOTOR2/MOTOR/settings/cw_data/cw_main.log 
--------------------------* domain-instace =                    Common-main                    
11:19:34.312950 AM  [                   Common-main                    ] -  DEBUG  -: PrintClass.Mode is  =  {'DEBUG': 0, 'INFO': 1, 'ERROR': 0, 'WARNING': 0}
03:06:34.563385 PM  [                   Common-main                    ] -  DEBUG  -: 
--------------------------* OPENING 			 						
--------------------------* DATE = 2026 :01: 02 
--------------------------* PATH = C:/Users/mathe/Downloads/MOTOR2/MOTOR/settings/cw_data/cw_main.log 
--------------------------* domain-instace =                    Common-main                    
03:06:34.563385 PM  [                   Common-main                    ] -  DEBUG  -: PrintClass.Mode is  =  {'DEBUG': 0, 'INFO': 1, 'ERROR': 0, 'WARNING': 0}
05:49:53.690642 PM  [                   Common-main                    ] -  DEBUG  -: 
--------------------------* OPENING 			 						
--------------------------* DATE = 2026 :01: 02 
--------------------------* PATH = C:/Users/mathe/Downloads/MOTOR2/MOTOR/settings/cw_data/cw_main.log 
--------------------------* domain-instace =                    Common-main                    
05:49:53.690642 PM  [                   Common-main                    ] -  DEBUG  -: PrintClass.Mode is  =  {'DEBUG': 0, 'INFO': 1, 'ERROR': 0, 'WARNING': 0}
09:33:58.705931 PM  [                   Common-main                    ] -  DEBUG  -: 
--------------------------* OPENING 			 						
--------------------------* DATE = 2026 :01: 02 
--------------------------* PATH = C:/Users/mathe/Downloads/MOTOR2/MOTOR/settings/cw_data/cw_main.log 
--------------------------* domain-instace =                    Common-main                    
09:33:58.705931 PM  [                   Common-main                    ] -  DEBUG  -: PrintClass.Mode is  =  {'DEBUG': 0, 'INFO': 1, 'ERROR': 0, 'WARNING': 0}
09:24:53.910176 AM  [                   Common-main                    ] -  DEBUG  -: 
--------------------------* OPENING 			 						
--------------------------* DATE = 2026 :01: 04 
--------------------------* PATH = C:/Users/mathe/Downloads/MOTOR2/MOTOR/settings/cw_data/cw_main.log 
--------------------------* domain-instace =                    Common-main                    
09:24:53.910176 AM  [                   Common-main                    ] -  DEBUG  -: PrintClass.Mode is  =  {'DEBUG': 0, 'INFO': 1, 'ERROR': 0, 'WARNING': 0}
10:23:21.795521 AM  [                   Common-main                    ] -  DEBUG  -: 
--------------------------* OPENING 			 						
--------------------------* DATE = 2026 :01: 04 
--------------------------* PATH = C:/Users/mathe/Downloads/MOTOR2/BLDC 5MD electronics/settings/cw_data/cw_main.log 
--------------------------* domain-instace =                    Common-main                    
10:23:21.795521 AM  [                   Common-main                    ] -  DEBUG  -: PrintClass.Mode is  =  {'DEBUG': 0, 'INFO': 1, 'ERROR': 0, 'WARNING': 0}
