<?xml version="1.0" encoding="UTF-8"?>
<icwpxml version="1.3.3">
    <checksum>afa4a915ffdd64e163e2a7ef148733757996ca29c9c06c2a9186508082b11d3e</checksum>
    <XmlFile>cwm_APP_PFC.xml</XmlFile>
    <IcwpFile>myFirstParameterSet_pfc.out</IcwpFile>
    <Domain>myFirstParameterSet</Domain>
    <Instance>pfc</Instance>
    <XmlVersion>2023-10-05;5.03.00.0.1373</XmlVersion>
    <ActiveElements>
        <HexSpinBox>
            <define>FWparamCounts_APP_PFC_A1p1_VFF_LPF</define>
            <value>-16027</value>
            <dispValue>-16027</dispValue>
        </HexSpinBox>
        <HexSpinBox>
            <define>FWparamCounts_APP_PFC_B1_CEA</define>
            <value>-7762</value>
            <dispValue>-7762</dispValue>
        </HexSpinBox>
        <HexSpinBox>
            <define>FWparamCounts_FB_PFC_PR_VCOMP_A1p1_NF</define>
            <value>-13849</value>
            <dispValue>-13849</dispValue>
        </HexSpinBox>
        <HexSpinBox>
            <define>FWparamCounts_FB_PFC_PR_VCOMP_B1_NF</define>
            <value>-30176</value>
            <dispValue>-30176</dispValue>
        </HexSpinBox>
        <DoubleSpinBox>
            <define>FWparam_APP_PFC_A1p1_VFF_LPF</define>
            <value>-0.97821044919999999844861804376706</value>
            <dispValue>-0.9782104492</dispValue>
        </DoubleSpinBox>
        <DoubleSpinBox>
            <define>FWparam_APP_PFC_A2_VFF_LPF</define>
            <value>0.9784545897999999963801087687898</value>
            <dispValue>0.9784545898</dispValue>
        </DoubleSpinBox>
        <DoubleSpinBox>
            <define>FWparam_APP_PFC_A_KL_COMP</define>
            <value>0.00036082416772799998658585729494064</value>
            <dispValue>0.000360824167728</dispValue>
        </DoubleSpinBox>
        <DoubleSpinBox>
            <define>FWparam_APP_PFC_B0_CEA</define>
            <value>3.2124023438000000041370185499545</value>
            <dispValue>3.2124023438</dispValue>
        </DoubleSpinBox>
        <DoubleSpinBox>
            <define>FWparam_APP_PFC_B1_CEA</define>
            <value>-3.7900390625</value>
            <dispValue>-3.7900390625</dispValue>
        </DoubleSpinBox>
        <DoubleSpinBox>
            <define>FWparam_APP_PFC_B1_VFF_LPF</define>
            <value>0.00012207029999999999573742637259954</value>
            <dispValue>0.0001220703</dispValue>
        </DoubleSpinBox>
        <DoubleSpinBox>
            <define>FWparam_APP_PFC_B2_CEA</define>
            <value>1.1181640625</value>
            <dispValue>1.1181640625</dispValue>
        </DoubleSpinBox>
        <DoubleSpinBox>
            <define>FWparam_APP_PFC_B2_VFF_LPF</define>
            <value>0.00012207029999999999573742637259954</value>
            <dispValue>0.0001220703</dispValue>
        </DoubleSpinBox>
        <DoubleSpinBox>
            <define>FWparam_APP_PFC_ILOffset_Max</define>
            <value>0.17326008300000000916796238925599</value>
            <dispValue>0.1732600830</dispValue>
        </DoubleSpinBox>
        <DoubleSpinBox>
            <define>FWparam_APP_PFC_ILOffset_Min</define>
            <value>0.15714286590000001164746379345161</value>
            <dispValue>0.1571428659</dispValue>
        </DoubleSpinBox>
        <DoubleSpinBox>
            <define>FWparam_APP_PFC_ILPKTM_Factor</define>
            <value>0.0006321668624880000513649447313469</value>
            <dispValue>0.000632166862488</dispValue>
        </DoubleSpinBox>
        <DoubleSpinBox>
            <define>FWparam_APP_PFC_IL_Ref_Lim</define>
            <value>13.863883009900000331526825902984</value>
            <dispValue>13.8638830099</dispValue>
        </DoubleSpinBox>
        <DoubleSpinBox>
            <define>FWparam_APP_PFC_KM_w_VFF</define>
            <value>5.2568359375</value>
            <dispValue>5.256835937500000</dispValue>
        </DoubleSpinBox>
        <DoubleSpinBox>
            <define>FWparam_APP_PFC_OCP_BlankingTime</define>
            <value>9.9999999999999995474811182588626e-07</value>
            <dispValue>0.00000100</dispValue>
        </DoubleSpinBox>
        <DoubleSpinBox>
            <define>FWparam_APP_PFC_THLC_Validation_Max_Hyst</define>
            <value>0.00012499979999999998861101579983313</value>
            <dispValue>0.0001249998</dispValue>
        </DoubleSpinBox>
        <DoubleSpinBox>
            <define>FWparam_APP_PFC_THLC_Validation_Max_Thr</define>
            <value>0.010649981899999999210293388784976</value>
            <dispValue>0.0106499819</dispValue>
        </DoubleSpinBox>
        <DoubleSpinBox>
            <define>FWparam_APP_PFC_THLC_Validation_Min_Hyst</define>
            <value>9.999980000000000435363134432265e-05</value>
            <dispValue>0.0000999998</dispValue>
        </DoubleSpinBox>
        <DoubleSpinBox>
            <define>FWparam_APP_PFC_THLC_Validation_Min_Thr</define>
            <value>0.0094249840000000008333191914289273</value>
            <dispValue>0.0094249840</dispValue>
        </DoubleSpinBox>
        <DoubleSpinBox>
            <define>FWparam_APP_PFC_Toff_Min</define>
            <value>4.9999999999999997737405591294313e-07</value>
            <dispValue>0.0000005000</dispValue>
        </DoubleSpinBox>
        <DoubleSpinBox>
            <define>FWparam_APP_PFC_Ton_Min</define>
            <value>4.9999999999999997737405591294313e-07</value>
            <dispValue>0.0000005000</dispValue>
        </DoubleSpinBox>
        <DoubleSpinBox>
            <define>FWparam_APP_PFC_VAC_SQ_Filt_VFF_Max</define>
            <value>70228.028325140476226806640625</value>
            <dispValue>70228.028325140476227</dispValue>
        </DoubleSpinBox>
        <DoubleSpinBox>
            <define>FWparam_APP_PFC_VAC_SQ_Filt_VFF_Min</define>
            <value>27216.39852046966552734375</value>
            <dispValue>27216.398520469665527</dispValue>
        </DoubleSpinBox>
        <DoubleSpinBox>
            <define>FWparam_APP_PFC_Vin2VoutScaling</define>
            <value>0.887420654296875</value>
            <dispValue>0.887420654296875</dispValue>
        </DoubleSpinBox>
        <DoubleSpinBox>
            <define>FWparam_APP_PFC_ZCDTimeout_Thr</define>
            <value>0.04254992769999999674412904937526</value>
            <dispValue>0.0425499277</dispValue>
        </DoubleSpinBox>
        <DoubleSpinBox>
            <define>FWparam_APP_PFC_ZCD_Step1_Deglitch_Time</define>
            <value>4.9999900000000002176815672161325e-05</value>
            <dispValue>0.0000499999</dispValue>
        </DoubleSpinBox>
        <DoubleSpinBox>
            <define>FWparam_APP_PFC_ZCD_Step1_Thr</define>
            <value>9.95936507270000070946025516605</value>
            <dispValue>9.9593650727</dispValue>
        </DoubleSpinBox>
        <DoubleSpinBox>
            <define>FWparam_APP_PFC_ZCD_Step2_Check_Time</define>
            <value>0.004399992499999999875925915659991</value>
            <dispValue>0.0043999925</dispValue>
        </DoubleSpinBox>
        <DoubleSpinBox>
            <define>FWparam_APP_PFC_ZCD_Step2_Deglitch_Time</define>
            <value>4.9999900000000002176815672161325e-05</value>
            <dispValue>0.0000499999</dispValue>
        </DoubleSpinBox>
        <DoubleSpinBox>
            <define>FWparam_APP_PFC_ZCD_Step2_Thr</define>
            <value>9.95936507270000070946025516605</value>
            <dispValue>9.9593650727</dispValue>
        </DoubleSpinBox>
        <DoubleSpinBox>
            <define>FWparam_FB_PFC_PR_STATUS_UPDATE_Vout_Norm_Deglitch_Time</define>
            <value>0.00039999980000000000517762499541163</value>
            <dispValue>0.0003999998</dispValue>
        </DoubleSpinBox>
        <DoubleSpinBox>
            <define>FWparam_FB_PFC_PR_STATUS_UPDATE_Vout_OLP_Deglitch_Time</define>
            <value>0.00039999980000000000517762499541163</value>
            <dispValue>0.0003999998</dispValue>
        </DoubleSpinBox>
        <DoubleSpinBox>
            <define>FWparam_FB_PFC_PR_STATUS_UPDATE_Vout_OLP_Hyst</define>
            <value>1.9518069886000000145998001244152</value>
            <dispValue>1.9518069886</dispValue>
        </DoubleSpinBox>
        <DoubleSpinBox>
            <define>FWparam_FB_PFC_PR_STATUS_UPDATE_Vout_OLP_Thr</define>
            <value>38.060236277100003121631743852049</value>
            <dispValue>38.0602362771</dispValue>
        </DoubleSpinBox>
        <DoubleSpinBox>
            <define>FWparam_FB_PFC_PR_STATUS_UPDATE_Vout_OVP_Deglitch_Time</define>
            <value>0.00039999980000000000517762499541163</value>
            <dispValue>0.0003999998</dispValue>
        </DoubleSpinBox>
        <DoubleSpinBox>
            <define>FWparam_FB_PFC_PR_STATUS_UPDATE_Vout_OVP_Hyst</define>
            <value>8.0512038278000002122780642821454</value>
            <dispValue>8.0512038278</dispValue>
        </DoubleSpinBox>
        <DoubleSpinBox>
            <define>FWparam_FB_PFC_PR_STATUS_UPDATE_Vout_OVP_Thr</define>
            <value>420.00446635230002812022576108575</value>
            <dispValue>420.0044663523</dispValue>
        </DoubleSpinBox>
        <DoubleSpinBox>
            <define>FWparam_FB_PFC_PR_STATUS_UPDATE_Vout_Ready_Deglitch_Time</define>
            <value>0.049999996599999999014052320944757</value>
            <dispValue>0.0499999966</dispValue>
        </DoubleSpinBox>
        <DoubleSpinBox>
            <define>FWparam_FB_PFC_PR_STATUS_UPDATE_Vout_Ready_Hyst</define>
            <value>38.060236277100003121631743852049</value>
            <dispValue>38.0602362771</dispValue>
        </DoubleSpinBox>
        <DoubleSpinBox>
            <define>FWparam_FB_PFC_PR_STATUS_UPDATE_Vout_Ready_Thr</define>
            <value>360.96230494809998390337568707764</value>
            <dispValue>360.9623049481</dispValue>
        </DoubleSpinBox>
        <DoubleSpinBox>
            <define>FWparam_FB_PFC_PR_VCOMP_A11p1_VEA</define>
            <value>0.024963378899999999482872681255685</value>
            <dispValue>0.0249633789</dispValue>
        </DoubleSpinBox>
        <DoubleSpinBox>
            <define>FWparam_FB_PFC_PR_VCOMP_A1p1_NF</define>
            <value>-0.84527587889999999948287268125569</value>
            <dispValue>-0.8452758789</dispValue>
        </DoubleSpinBox>
        <DoubleSpinBox>
            <define>FWparam_FB_PFC_PR_VCOMP_A2_NF</define>
            <value>0.86004638669999999844861804376706</value>
            <dispValue>0.8600463867</dispValue>
        </DoubleSpinBox>
        <DoubleSpinBox>
            <define>FWparam_FB_PFC_PR_VCOMP_B0_NF</define>
            <value>0.92828369139999999948287268125569</value>
            <dispValue>0.9282836914</dispValue>
        </DoubleSpinBox>
        <DoubleSpinBox>
            <define>FWparam_FB_PFC_PR_VCOMP_B10_VEA</define>
            <value>0.10507202150000000129281829686079</value>
            <dispValue>0.1050720215</dispValue>
        </DoubleSpinBox>
        <DoubleSpinBox>
            <define>FWparam_FB_PFC_PR_VCOMP_B11_VEA</define>
            <value>0.088287353499999998707181703139213</value>
            <dispValue>0.0882873535</dispValue>
        </DoubleSpinBox>
        <DoubleSpinBox>
            <define>FWparam_FB_PFC_PR_VCOMP_B1_NF</define>
            <value>-1.841796875</value>
            <dispValue>-1.8417968750</dispValue>
        </DoubleSpinBox>
        <DoubleSpinBox>
            <define>FWparam_FB_PFC_PR_VCOMP_B21_VEA</define>
            <value>0.0084571838000000003343625820662055</value>
            <dispValue>0.0084571838</dispValue>
        </DoubleSpinBox>
        <DoubleSpinBox>
            <define>FWparam_FB_PFC_PR_VCOMP_B2_NF</define>
            <value>0.92828369139999999948287268125569</value>
            <dispValue>0.9282836914</dispValue>
        </DoubleSpinBox>
        <DoubleSpinBox>
            <define>FWparam_FB_PFC_PR_VCOMP_Delta_KSS</define>
            <value>0.010013580299999999892457402950185</value>
            <dispValue>0.0100135803</dispValue>
        </DoubleSpinBox>
        <DoubleSpinBox>
            <define>FWparam_FB_PFC_PR_VCOMP_Vout_Ref</define>
            <value>339.98037982099998544072150252759</value>
            <dispValue>339.9803798210</dispValue>
        </DoubleSpinBox>
        <DoubleSpinBox>
            <define>FWparam_FB_PFC_SEQ_STATUS_UPDATE_OCP_Status_Update_Time</define>
            <value>0.049999996599999999014052320944757</value>
            <dispValue>0.0499999966</dispValue>
        </DoubleSpinBox>
        <DoubleSpinBox>
            <define>FWparam_FB_PFC_SEQ_STATUS_UPDATE_VAC_BO_Hyst</define>
            <value>1.9485714273000001028890437737573</value>
            <dispValue>1.9485714273</dispValue>
        </DoubleSpinBox>
        <DoubleSpinBox>
            <define>FWparam_FB_PFC_SEQ_STATUS_UPDATE_VAC_BO_Thr</define>
            <value>100.02666659930000037093122955412</value>
            <dispValue>100.0266665993</dispValue>
        </DoubleSpinBox>
        <DoubleSpinBox>
            <define>FWparam_FB_PFC_SEQ_STATUS_UPDATE_VAC_DO_Deglitch_Time</define>
            <value>0.0049999996999999995681007725067957</value>
            <dispValue>0.0049999997</dispValue>
        </DoubleSpinBox>
        <DoubleSpinBox>
            <define>FWparam_FB_PFC_SEQ_STATUS_UPDATE_VAC_DO_Hyst</define>
            <value>9.95936507270000070946025516605</value>
            <dispValue>9.9593650727</dispValue>
        </DoubleSpinBox>
        <DoubleSpinBox>
            <define>FWparam_FB_PFC_SEQ_STATUS_UPDATE_VAC_DO_Thr</define>
            <value>9.95936507270000070946025516605</value>
            <dispValue>9.9593650727</dispValue>
        </DoubleSpinBox>
        <DoubleSpinBox>
            <define>FWparam_FB_PFC_SEQ_STATUS_UPDATE_VAC_OVP_Hyst</define>
            <value>4.9796825363000003505931090330705</value>
            <dispValue>4.9796825363</dispValue>
        </DoubleSpinBox>
        <DoubleSpinBox>
            <define>FWparam_FB_PFC_SEQ_STATUS_UPDATE_VAC_OVP_Thr</define>
            <value>265.00571410729997978705796413124</value>
            <dispValue>265.0057141073</dispValue>
        </DoubleSpinBox>
        <DoubleSpinBox>
            <define>FWparam_FB_PFC_SEQ_STATUS_UPDATE_VAC_Recov_Deglitch_Time</define>
            <value>0.0049999996999999995681007725067957</value>
            <dispValue>0.0049999997</dispValue>
        </DoubleSpinBox>
        <DoubleSpinBox>
            <define>FWscaleCounts_D_MTR_BackEMF_VrmsPkRPM</define>
            <value>2490368</value>
            <dispValue>2490368.00000</dispValue>
        </DoubleSpinBox>
        <DoubleSpinBox>
            <define>FWscaleCounts_D_MTR_CurrentInput_VPA</define>
            <value>3495253</value>
            <dispValue>3495253.00000</dispValue>
        </DoubleSpinBox>
        <DoubleSpinBox>
            <define>FWscaleCounts_D_SYS_DCVOLTAGEDIVIDER_VPV</define>
            <value>7093213</value>
            <dispValue>7093213.00000</dispValue>
        </DoubleSpinBox>
        <DoubleSpinBox>
            <define>FWscaleCounts_S_CTRLIN_VSP_V</define>
            <value>3461146</value>
            <dispValue>3461146.00000</dispValue>
        </DoubleSpinBox>
        <DoubleSpinBox>
            <define>FWscaleCounts_S_MTR_COMPREF_A</define>
            <value>16613500</value>
            <dispValue>16613500.00000</dispValue>
        </DoubleSpinBox>
        <DoubleSpinBox>
            <define>FWscaleCounts_S_MTR_CURRENTOFFSET_V</define>
            <value>1153715</value>
            <dispValue>1153715.00000</dispValue>
        </DoubleSpinBox>
        <DoubleSpinBox>
            <define>FWscaleCounts_S_MTR_FREQ_Hz</define>
            <value>983040000</value>
            <dispValue>983040000.00000</dispValue>
        </DoubleSpinBox>
        <DoubleSpinBox>
            <define>FWscaleCounts_S_MTR_FWKLEVEL_pct</define>
            <value>1342177</value>
            <dispValue>1342177.00000</dispValue>
        </DoubleSpinBox>
        <DoubleSpinBox>
            <define>FWscaleCounts_S_MTR_OPENLOOPRAMP_RPMPS</define>
            <value>43682666</value>
            <dispValue>43682666.00000</dispValue>
        </DoubleSpinBox>
        <DoubleSpinBox>
            <define>FWscaleCounts_S_MTR_PGANGLE_Deg</define>
            <value>754974720</value>
            <dispValue>754974720.00000</dispValue>
        </DoubleSpinBox>
        <DoubleSpinBox>
            <define>FWscaleCounts_S_MTR_PLL_FREQ_Hz</define>
            <value>327680000</value>
            <dispValue>327680000.00000</dispValue>
        </DoubleSpinBox>
        <DoubleSpinBox>
            <define>FWscaleCounts_S_MTR_RES_Ohms</define>
            <value>78650505</value>
            <dispValue>78650505.00000</dispValue>
        </DoubleSpinBox>
        <DoubleSpinBox>
            <define>FWscaleCounts_S_MTR_SPEEDRAMP_RPMPS</define>
            <value>10238125</value>
            <dispValue>10238125.00000</dispValue>
        </DoubleSpinBox>
        <DoubleSpinBox>
            <define>FWscaleCounts_S_MTR_SPEED_rpm</define>
            <value>22365525</value>
            <dispValue>22365525.00000</dispValue>
        </DoubleSpinBox>
        <DoubleSpinBox>
            <define>FWscaleCounts_S_MTR_VAB_V</define>
            <value>392854714</value>
            <dispValue>392854714.00000</dispValue>
        </DoubleSpinBox>
        <DoubleSpinBox>
            <define>FWscaleCounts_S_MTR_VDC_V</define>
            <value>523934199</value>
            <dispValue>523934199.00000</dispValue>
        </DoubleSpinBox>
        <DoubleSpinBox>
            <define>FWscaleCounts_S_PFC_IL_A</define>
            <value>28779567</value>
            <dispValue>28779567.00000</dispValue>
        </DoubleSpinBox>
        <DoubleSpinBox>
            <define>FWscaleCounts_S_PFC_VAC_SQ_VFF_V2</define>
            <value>50332385</value>
            <dispValue>50332385.00000</dispValue>
        </DoubleSpinBox>
        <DoubleSpinBox>
            <define>FWscaleCounts_S_PFC_VAC_V</define>
            <value>464947253</value>
            <dispValue>464947253.00000</dispValue>
        </DoubleSpinBox>
        <DoubleSpinBox>
            <define>FWscaleCounts_S_PFC_Vcsa_V</define>
            <value>3461146</value>
            <dispValue>3461146.00000</dispValue>
        </DoubleSpinBox>
        <DoubleSpinBox>
            <define>FWscaleCounts_S_PFC_Vout_V</define>
            <value>523934199</value>
            <dispValue>523934199.00000</dispValue>
        </DoubleSpinBox>
        <DoubleSpinBox>
            <define>FWscaleCounts_S_SYS_ADC_V</define>
            <value>3461146</value>
            <dispValue>3461146.00000</dispValue>
        </DoubleSpinBox>
        <DoubleSpinBox>
            <define>FWscale_D_MTR_CurrentInput_VPA</define>
            <value>0.208333313465118408203125</value>
            <dispValue>0.2083333134651184082</dispValue>
        </DoubleSpinBox>
        <DoubleSpinBox>
            <define>FWscale_D_MTR_RatedCurrent_A</define>
            <value>0.399993896484375</value>
            <dispValue>0.3999938964843750000</dispValue>
        </DoubleSpinBox>
        <DoubleSpinBox>
            <define>FWscale_D_SYS_DCVOLTAGEDIVIDER_VPV</define>
            <value>0.006606069393455982208251953125</value>
            <dispValue>0.0066060693934559822</dispValue>
        </DoubleSpinBox>
        <DoubleSpinBox>
            <define>FWscale_O_MTR_CURRENTAMP_V</define>
            <value>1.649993896484375</value>
            <dispValue>1.6499938964843750000</dispValue>
        </DoubleSpinBox>
        <DoubleSpinBox>
            <define>FWscale_S_CTRLIN_STARTSTOP_pct</define>
            <value>4.6566128730000000090508901938121e-10</value>
            <dispValue>0.0000000004656612873</dispValue>
        </DoubleSpinBox>
        <DoubleSpinBox>
            <define>FWscale_S_CTRLIN_VSP_V</define>
            <value>0.0008058608509600162506103515625</value>
            <dispValue>0.0008058608509600163</dispValue>
        </DoubleSpinBox>
        <DoubleSpinBox>
            <define>FWscale_S_MTR_COMPREF_A</define>
            <value>0.003868131898343563079833984375</value>
            <dispValue>0.0038681318983435631</dispValue>
        </DoubleSpinBox>
        <DoubleSpinBox>
            <define>FWscale_S_MTR_CURRENTOFFSET_V</define>
            <value>0.00026862020604312419891357421875</value>
            <dispValue>0.0002686202060431242</dispValue>
        </DoubleSpinBox>
        <DoubleSpinBox>
            <define>FWscale_S_MTR_FCRCLK_s</define>
            <value>6.6666631028056104056774000543584e-05</value>
            <dispValue>0.0000666666310280561</dispValue>
        </DoubleSpinBox>
        <DoubleSpinBox>
            <define>FWscale_S_MTR_FREQ_Hz</define>
            <value>0.2288818359375</value>
            <dispValue>0.2288818359375000000</dispValue>
        </DoubleSpinBox>
        <DoubleSpinBox>
            <define>FWscale_S_MTR_FWKLEVEL_pct</define>
            <value>0.00031249993480741977691650390625</value>
            <dispValue>0.0003124999348074198</dispValue>
        </DoubleSpinBox>
        <DoubleSpinBox>
            <define>FWscale_S_MTR_IAB_A</define>
            <value>0.00128936767578125</value>
            <dispValue>0.0012893676757812500</dispValue>
        </DoubleSpinBox>
        <DoubleSpinBox>
            <define>FWscale_S_MTR_IND_H</define>
            <value>1.9533094018697701378011258310785e-05</value>
            <dispValue>0.0000195330940186977</dispValue>
        </DoubleSpinBox>
        <DoubleSpinBox>
            <define>FWscale_S_MTR_Lsys_H</define>
            <value>4.6566128730000000090508901938121e-10</value>
            <dispValue>0.0000000004656612873</dispValue>
        </DoubleSpinBox>
        <DoubleSpinBox>
            <define>FWscale_S_MTR_OPENLOOPRAMP_RPMPS</define>
            <value>2.60368978977203369140625</value>
            <dispValue>2.6036897897720336914</dispValue>
        </DoubleSpinBox>
        <DoubleSpinBox>
            <define>FWscale_S_MTR_PCRCLK_s</define>
            <value>0.0001333332620561122894287109375</value>
            <dispValue>0.0001333332620561123</dispValue>
        </DoubleSpinBox>
        <DoubleSpinBox>
            <define>FWscale_S_MTR_PGANGLE_Deg</define>
            <value>0.17578125</value>
            <dispValue>0.1757812500000000000</dispValue>
        </DoubleSpinBox>
        <DoubleSpinBox>
            <define>FWscale_S_MTR_PLL_FREQ_Hz</define>
            <value>0.6103515625</value>
            <dispValue>0.6103515625000000000</dispValue>
        </DoubleSpinBox>
        <DoubleSpinBox>
            <define>FWscale_S_MTR_RES_Ohms</define>
            <value>0.01831224770285189151763916015625</value>
            <dispValue>0.0183122477028518915</dispValue>
        </DoubleSpinBox>
        <DoubleSpinBox>
            <define>FWscale_S_MTR_SPEEDRAMP_RPMPS</define>
            <value>0.610239803791046142578125</value>
            <dispValue>0.6102398037910461426</dispValue>
        </DoubleSpinBox>
        <DoubleSpinBox>
            <define>FWscale_S_MTR_SPEED_rpm</define>
            <value>0.166636146605014801025390625</value>
            <dispValue>0.1666361466050148010</dispValue>
        </DoubleSpinBox>
        <DoubleSpinBox>
            <define>FWscale_S_MTR_VAB_V</define>
            <value>0.0914686159230768680572509765625</value>
            <dispValue>0.0914686159230768681</dispValue>
        </DoubleSpinBox>
        <DoubleSpinBox>
            <define>FWscale_S_MTR_VDC_RCP_V</define>
            <value>1.0007061064242999013035404637373e-06</value>
            <dispValue>0.0000010007061064243</dispValue>
        </DoubleSpinBox>
        <DoubleSpinBox>
            <define>FWscale_S_MTR_VDC_V</define>
            <value>0.12198793678544461727142333984375</value>
            <dispValue>0.1219879367854446173</dispValue>
        </DoubleSpinBox>
        <DoubleSpinBox>
            <define>FWscale_S_PFC_BRCLK_s</define>
            <value>2.4999957531690600922311476517201e-05</value>
            <dispValue>0.0000249999575316906</dispValue>
        </DoubleSpinBox>
        <DoubleSpinBox>
            <define>FWscale_S_PFC_Delta_KSS_pct</define>
            <value>9.5367431640625e-05</value>
            <dispValue>0.0000953674316406250</dispValue>
        </DoubleSpinBox>
        <DoubleSpinBox>
            <define>FWscale_S_PFC_IL_A</define>
            <value>0.00670076510868966579437255859375</value>
            <dispValue>0.0067007651086896658</dispValue>
        </DoubleSpinBox>
        <DoubleSpinBox>
            <define>FWscale_S_PFC_PRCLK_s</define>
            <value>0.00019999989308416840703801209411239</value>
            <dispValue>0.0001999998930841684</dispValue>
        </DoubleSpinBox>
        <DoubleSpinBox>
            <define>FWscale_S_PFC_VAC_SQ_VFF_V2</define>
            <value>3.000043928623199462890625</value>
            <dispValue>3.0000439286231994629</dispValue>
        </DoubleSpinBox>
        <DoubleSpinBox>
            <define>FWscale_S_PFC_VAC_V</define>
            <value>0.10825396818108856678009033203125</value>
            <dispValue>0.1082539681810885668</dispValue>
        </DoubleSpinBox>
        <DoubleSpinBox>
            <define>FWscale_S_PFC_Vcsa_V</define>
            <value>0.0008058608509600162506103515625</value>
            <dispValue>0.0008058608509600163</dispValue>
        </DoubleSpinBox>
        <DoubleSpinBox>
            <define>FWscale_S_PFC_Vout_V</define>
            <value>0.12198793678544461727142333984375</value>
            <dispValue>0.1219879367854446173</dispValue>
        </DoubleSpinBox>
        <DoubleSpinBox>
            <define>FWscale_S_SYS_ADC_V</define>
            <value>0.0008058608509600162506103515625</value>
            <dispValue>0.0008058608509600163</dispValue>
        </DoubleSpinBox>
        <TextEdit>
            <define>txtWindowAPP_PFCBottom</define>
            <value>&lt;!DOCTYPE HTML PUBLIC &quot;-//W3C//DTD HTML 4.0//EN&quot; &quot;http://www.w3.org/TR/REC-html40/strict.dtd&quot;&gt;
&lt;html&gt;&lt;head&gt;&lt;meta name=&quot;qrichtext&quot; content=&quot;1&quot; /&gt;&lt;style type=&quot;text/css&quot;&gt;
p, li { white-space: pre-wrap; }
&lt;/style&gt;&lt;/head&gt;&lt;body style=&quot;  font-size:8pt; font-weight:400; font-style:normal;&quot;&gt;
&lt;p style=&quot;-qt-paragraph-type:empty; margin-top:0px; margin-bottom:0px; margin-left:0px; margin-right:0px; -qt-block-indent:0; text-indent:0px;&quot;&gt;&lt;br /&gt;&lt;/p&gt;&lt;/body&gt;&lt;/html&gt;</value>
            <dispValue></dispValue>
        </TextEdit>
        <TextEdit>
            <define>txtWindowFB_PFC_BR_OFFSETCALBottom</define>
            <value>&lt;!DOCTYPE HTML PUBLIC &quot;-//W3C//DTD HTML 4.0//EN&quot; &quot;http://www.w3.org/TR/REC-html40/strict.dtd&quot;&gt;
&lt;html&gt;&lt;head&gt;&lt;meta name=&quot;qrichtext&quot; content=&quot;1&quot; /&gt;&lt;style type=&quot;text/css&quot;&gt;
p, li { white-space: pre-wrap; }
&lt;/style&gt;&lt;/head&gt;&lt;body style=&quot;  font-size:8pt; font-weight:400; font-style:normal;&quot;&gt;
&lt;p style=&quot;-qt-paragraph-type:empty; margin-top:0px; margin-bottom:0px; margin-left:0px; margin-right:0px; -qt-block-indent:0; text-indent:0px;&quot;&gt;&lt;br /&gt;&lt;/p&gt;&lt;/body&gt;&lt;/html&gt;</value>
            <dispValue></dispValue>
        </TextEdit>
        <TextEdit>
            <define>txtWindowFB_PFC_BR_RUN_CTRLMODE0Bottom</define>
            <value>&lt;!DOCTYPE HTML PUBLIC &quot;-//W3C//DTD HTML 4.0//EN&quot; &quot;http://www.w3.org/TR/REC-html40/strict.dtd&quot;&gt;
&lt;html&gt;&lt;head&gt;&lt;meta name=&quot;qrichtext&quot; content=&quot;1&quot; /&gt;&lt;style type=&quot;text/css&quot;&gt;
p, li { white-space: pre-wrap; }
&lt;/style&gt;&lt;/head&gt;&lt;body style=&quot;  font-size:8pt; font-weight:400; font-style:normal;&quot;&gt;
&lt;p style=&quot;-qt-paragraph-type:empty; margin-top:0px; margin-bottom:0px; margin-left:0px; margin-right:0px; -qt-block-indent:0; text-indent:0px;&quot;&gt;&lt;br /&gt;&lt;/p&gt;&lt;/body&gt;&lt;/html&gt;</value>
            <dispValue></dispValue>
        </TextEdit>
        <TextEdit>
            <define>txtWindowFB_PFC_BR_RUN_CTRLMODE1Bottom</define>
            <value>&lt;!DOCTYPE HTML PUBLIC &quot;-//W3C//DTD HTML 4.0//EN&quot; &quot;http://www.w3.org/TR/REC-html40/strict.dtd&quot;&gt;
&lt;html&gt;&lt;head&gt;&lt;meta name=&quot;qrichtext&quot; content=&quot;1&quot; /&gt;&lt;style type=&quot;text/css&quot;&gt;
p, li { white-space: pre-wrap; }
&lt;/style&gt;&lt;/head&gt;&lt;body style=&quot;  font-size:8pt; font-weight:400; font-style:normal;&quot;&gt;
&lt;p style=&quot;-qt-paragraph-type:empty; margin-top:0px; margin-bottom:0px; margin-left:0px; margin-right:0px; -qt-block-indent:0; text-indent:0px;&quot;&gt;&lt;br /&gt;&lt;/p&gt;&lt;/body&gt;&lt;/html&gt;</value>
            <dispValue></dispValue>
        </TextEdit>
        <TextEdit>
            <define>txtWindowFB_PFC_BR_RUN_CTRLMODE2Bottom</define>
            <value>&lt;!DOCTYPE HTML PUBLIC &quot;-//W3C//DTD HTML 4.0//EN&quot; &quot;http://www.w3.org/TR/REC-html40/strict.dtd&quot;&gt;
&lt;html&gt;&lt;head&gt;&lt;meta name=&quot;qrichtext&quot; content=&quot;1&quot; /&gt;&lt;style type=&quot;text/css&quot;&gt;
p, li { white-space: pre-wrap; }
&lt;/style&gt;&lt;/head&gt;&lt;body style=&quot;  font-size:8pt; font-weight:400; font-style:normal;&quot;&gt;
&lt;p style=&quot;-qt-paragraph-type:empty; margin-top:0px; margin-bottom:0px; margin-left:0px; margin-right:0px; -qt-block-indent:0; text-indent:0px;&quot;&gt;&lt;br /&gt;&lt;/p&gt;&lt;/body&gt;&lt;/html&gt;</value>
            <dispValue></dispValue>
        </TextEdit>
        <TextEdit>
            <define>txtWindowFB_PFC_BR_RUN_CTRLMODE3Bottom</define>
            <value>&lt;!DOCTYPE HTML PUBLIC &quot;-//W3C//DTD HTML 4.0//EN&quot; &quot;http://www.w3.org/TR/REC-html40/strict.dtd&quot;&gt;
&lt;html&gt;&lt;head&gt;&lt;meta name=&quot;qrichtext&quot; content=&quot;1&quot; /&gt;&lt;style type=&quot;text/css&quot;&gt;
p, li { white-space: pre-wrap; }
&lt;/style&gt;&lt;/head&gt;&lt;body style=&quot;  font-size:8pt; font-weight:400; font-style:normal;&quot;&gt;
&lt;p style=&quot;-qt-paragraph-type:empty; margin-top:0px; margin-bottom:0px; margin-left:0px; margin-right:0px; -qt-block-indent:0; text-indent:0px;&quot;&gt;&lt;br /&gt;&lt;/p&gt;&lt;/body&gt;&lt;/html&gt;</value>
            <dispValue></dispValue>
        </TextEdit>
        <TextEdit>
            <define>txtWindowFB_PFC_PR_STATUS_UPDATEBottom</define>
            <value>&lt;!DOCTYPE HTML PUBLIC &quot;-//W3C//DTD HTML 4.0//EN&quot; &quot;http://www.w3.org/TR/REC-html40/strict.dtd&quot;&gt;
&lt;html&gt;&lt;head&gt;&lt;meta name=&quot;qrichtext&quot; content=&quot;1&quot; /&gt;&lt;style type=&quot;text/css&quot;&gt;
p, li { white-space: pre-wrap; }
&lt;/style&gt;&lt;/head&gt;&lt;body style=&quot;  font-size:8pt; font-weight:400; font-style:normal;&quot;&gt;
&lt;p style=&quot;-qt-paragraph-type:empty; margin-top:0px; margin-bottom:0px; margin-left:0px; margin-right:0px; -qt-block-indent:0; text-indent:0px;&quot;&gt;&lt;br /&gt;&lt;/p&gt;&lt;/body&gt;&lt;/html&gt;</value>
            <dispValue></dispValue>
        </TextEdit>
        <TextEdit>
            <define>txtWindowFB_PFC_PR_VCOMPBottom</define>
            <value>&lt;!DOCTYPE HTML PUBLIC &quot;-//W3C//DTD HTML 4.0//EN&quot; &quot;http://www.w3.org/TR/REC-html40/strict.dtd&quot;&gt;
&lt;html&gt;&lt;head&gt;&lt;meta name=&quot;qrichtext&quot; content=&quot;1&quot; /&gt;&lt;style type=&quot;text/css&quot;&gt;
p, li { white-space: pre-wrap; }
&lt;/style&gt;&lt;/head&gt;&lt;body style=&quot;  font-size:8pt; font-weight:400; font-style:normal;&quot;&gt;
&lt;p style=&quot;-qt-paragraph-type:empty; margin-top:0px; margin-bottom:0px; margin-left:0px; margin-right:0px; -qt-block-indent:0; text-indent:0px;&quot;&gt;&lt;br /&gt;&lt;/p&gt;&lt;/body&gt;&lt;/html&gt;</value>
            <dispValue></dispValue>
        </TextEdit>
        <TextEdit>
            <define>txtWindowFB_PFC_SEQ_STATUS_UPDATEBottom</define>
            <value>&lt;!DOCTYPE HTML PUBLIC &quot;-//W3C//DTD HTML 4.0//EN&quot; &quot;http://www.w3.org/TR/REC-html40/strict.dtd&quot;&gt;
&lt;html&gt;&lt;head&gt;&lt;meta name=&quot;qrichtext&quot; content=&quot;1&quot; /&gt;&lt;style type=&quot;text/css&quot;&gt;
p, li { white-space: pre-wrap; }
&lt;/style&gt;&lt;/head&gt;&lt;body style=&quot;  font-size:8pt; font-weight:400; font-style:normal;&quot;&gt;
&lt;p style=&quot;-qt-paragraph-type:empty; margin-top:0px; margin-bottom:0px; margin-left:0px; margin-right:0px; -qt-block-indent:0; text-indent:0px;&quot;&gt;&lt;br /&gt;&lt;/p&gt;&lt;/body&gt;&lt;/html&gt;</value>
            <dispValue></dispValue>
        </TextEdit>
    </ActiveElements>
</icwpxml>